(iot) hyj@csu424:~/unknownDeviceIdentification$ /home/hyj/.conda/envs/iot/bin/python /home/hyj/unknownDeviceIdentification/supervisedClassification/2_optimized_train_multitask_classifier_cicIoT2022.py
Sampled test set saved to: /home/hyj/unknownDeviceIdentification/dataset/11_multitask_training/cicIoT2022/sampled_cicIoT2022_test.csv
Sampled test samples: 30000
Original type_label distribution: {'HomeAutomation': 309072, 'Camera': 161150, 'Audio': 58221, 'Appliances13': 17144}
Sampled type_label distribution: {'HomeAutomation': 16995, 'Camera': 8861, 'Audio': 3201, 'Appliances13': 943}
Original is_behavior distribution: {0: 545587}
Sampled is_behavior distribution: {0: 30000}
✅ 加载样本数: 9891
📚 标签类别数: type=4, brand=18, device=31
✅ 加载样本数: 30000
📚 标签类别数: type=4, brand=18, device=31
🚀 开始多任务训练...
Epoch 1/40: 100%|██████████████████████████████████████████████████████████████████████████████████████████████████████████| 155/155 [00:18<00:00,  8.61it/s]
✅ Epoch 1, Train Loss: 1.6460
✅ Epoch 1, Val Loss: 0.5491, Type Acc: 0.9587, Brand Acc: 0.9560, Device Acc: 0.8982
Epoch 2/40: 100%|██████████████████████████████████████████████████████████████████████████████████████████████████████████| 155/155 [00:19<00:00,  8.16it/s]
✅ Epoch 2, Train Loss: 0.5779
✅ Epoch 2, Val Loss: 0.2665, Type Acc: 0.9856, Brand Acc: 0.9813, Device Acc: 0.9509
Epoch 3/40: 100%|██████████████████████████████████████████████████████████████████████████████████████████████████████████| 155/155 [00:17<00:00,  8.70it/s]
✅ Epoch 3, Train Loss: 0.5146
✅ Epoch 3, Val Loss: 0.4470, Type Acc: 0.9713, Brand Acc: 0.9717, Device Acc: 0.9129
Epoch 4/40: 100%|██████████████████████████████████████████████████████████████████████████████████████████████████████████| 155/155 [00:17<00:00,  8.73it/s]
✅ Epoch 4, Train Loss: 0.4702
✅ Epoch 4, Val Loss: 0.2410, Type Acc: 0.9871, Brand Acc: 0.9789, Device Acc: 0.9637
Epoch 5/40: 100%|██████████████████████████████████████████████████████████████████████████████████████████████████████████| 155/155 [00:17<00:00,  8.68it/s]
✅ Epoch 5, Train Loss: 0.4391
✅ Epoch 5, Val Loss: 0.3505, Type Acc: 0.9803, Brand Acc: 0.9739, Device Acc: 0.9568
Epoch 6/40: 100%|██████████████████████████████████████████████████████████████████████████████████████████████████████████| 155/155 [00:17<00:00,  8.80it/s]
✅ Epoch 6, Train Loss: 0.4066
✅ Epoch 6, Val Loss: 0.2055, Type Acc: 0.9923, Brand Acc: 0.9883, Device Acc: 0.9545
Epoch 7/40: 100%|██████████████████████████████████████████████████████████████████████████████████████████████████████████| 155/155 [00:17<00:00,  8.78it/s]
✅ Epoch 7, Train Loss: 0.4046
✅ Epoch 7, Val Loss: 0.1876, Type Acc: 0.9888, Brand Acc: 0.9875, Device Acc: 0.9570
Epoch 8/40: 100%|██████████████████████████████████████████████████████████████████████████████████████████████████████████| 155/155 [00:17<00:00,  8.83it/s]
✅ Epoch 8, Train Loss: 0.3551
✅ Epoch 8, Val Loss: 0.2467, Type Acc: 0.9809, Brand Acc: 0.9733, Device Acc: 0.9563
Epoch 9/40: 100%|██████████████████████████████████████████████████████████████████████████████████████████████████████████| 155/155 [00:17<00:00,  8.88it/s]
✅ Epoch 9, Train Loss: 0.3707
✅ Epoch 9, Val Loss: 0.1921, Type Acc: 0.9818, Brand Acc: 0.9845, Device Acc: 0.9681
Epoch 10/40: 100%|█████████████████████████████████████████████████████████████████████████████████████████████████████████| 155/155 [00:17<00:00,  8.70it/s]
✅ Epoch 10, Train Loss: 0.3531
✅ Epoch 10, Val Loss: 0.1482, Type Acc: 0.9940, Brand Acc: 0.9893, Device Acc: 0.9712
Epoch 11/40: 100%|█████████████████████████████████████████████████████████████████████████████████████████████████████████| 155/155 [00:17<00:00,  8.73it/s]
✅ Epoch 11, Train Loss: 0.3196
✅ Epoch 11, Val Loss: 0.1649, Type Acc: 0.9919, Brand Acc: 0.9873, Device Acc: 0.9680
Epoch 12/40: 100%|█████████████████████████████████████████████████████████████████████████████████████████████████████████| 155/155 [00:17<00:00,  8.83it/s]
✅ Epoch 12, Train Loss: 0.3344
✅ Epoch 12, Val Loss: 0.2476, Type Acc: 0.9909, Brand Acc: 0.9745, Device Acc: 0.9549
Epoch 13/40: 100%|█████████████████████████████████████████████████████████████████████████████████████████████████████████| 155/155 [00:17<00:00,  8.77it/s]
✅ Epoch 13, Train Loss: 0.3552
✅ Epoch 13, Val Loss: 0.1665, Type Acc: 0.9904, Brand Acc: 0.9907, Device Acc: 0.9675
Epoch 14/40: 100%|█████████████████████████████████████████████████████████████████████████████████████████████████████████| 155/155 [00:18<00:00,  8.55it/s]
✅ Epoch 14, Train Loss: 0.3234
✅ Epoch 14, Val Loss: 0.1424, Type Acc: 0.9947, Brand Acc: 0.9893, Device Acc: 0.9731
Epoch 15/40: 100%|█████████████████████████████████████████████████████████████████████████████████████████████████████████| 155/155 [00:18<00:00,  8.59it/s]
✅ Epoch 15, Train Loss: 0.2951
✅ Epoch 15, Val Loss: 0.1725, Type Acc: 0.9912, Brand Acc: 0.9933, Device Acc: 0.9625
Epoch 16/40: 100%|█████████████████████████████████████████████████████████████████████████████████████████████████████████| 155/155 [00:17<00:00,  8.83it/s]
✅ Epoch 16, Train Loss: 0.3055
✅ Epoch 16, Val Loss: 0.1475, Type Acc: 0.9916, Brand Acc: 0.9906, Device Acc: 0.9724
Epoch 17/40: 100%|█████████████████████████████████████████████████████████████████████████████████████████████████████████| 155/155 [00:23<00:00,  6.69it/s]
✅ Epoch 17, Train Loss: 0.2817
✅ Epoch 17, Val Loss: 0.1215, Type Acc: 0.9937, Brand Acc: 0.9916, Device Acc: 0.9781
Epoch 18/40: 100%|█████████████████████████████████████████████████████████████████████████████████████████████████████████| 155/155 [00:24<00:00,  6.42it/s]
✅ Epoch 18, Train Loss: 0.3060
✅ Epoch 18, Val Loss: 0.1160, Type Acc: 0.9948, Brand Acc: 0.9934, Device Acc: 0.9747
Epoch 19/40: 100%|█████████████████████████████████████████████████████████████████████████████████████████████████████████| 155/155 [00:18<00:00,  8.41it/s]
✅ Epoch 19, Train Loss: 0.2965
✅ Epoch 19, Val Loss: 0.1601, Type Acc: 0.9911, Brand Acc: 0.9887, Device Acc: 0.9674
Epoch 20/40: 100%|█████████████████████████████████████████████████████████████████████████████████████████████████████████| 155/155 [00:18<00:00,  8.54it/s]
✅ Epoch 20, Train Loss: 0.2745
✅ Epoch 20, Val Loss: 0.1601, Type Acc: 0.9923, Brand Acc: 0.9890, Device Acc: 0.9684
Epoch 21/40: 100%|█████████████████████████████████████████████████████████████████████████████████████████████████████████| 155/155 [00:17<00:00,  8.69it/s]
✅ Epoch 21, Train Loss: 0.2720
✅ Epoch 21, Val Loss: 0.2044, Type Acc: 0.9924, Brand Acc: 0.9910, Device Acc: 0.9614
Epoch 22/40: 100%|█████████████████████████████████████████████████████████████████████████████████████████████████████████| 155/155 [00:17<00:00,  8.64it/s]
✅ Epoch 22, Train Loss: 0.2556
✅ Epoch 22, Val Loss: 0.1736, Type Acc: 0.9886, Brand Acc: 0.9847, Device Acc: 0.9703
Epoch 23/40: 100%|█████████████████████████████████████████████████████████████████████████████████████████████████████████| 155/155 [00:19<00:00,  8.15it/s]
✅ Epoch 23, Train Loss: 0.2525
✅ Epoch 23, Val Loss: 0.1053, Type Acc: 0.9940, Brand Acc: 0.9932, Device Acc: 0.9775
Epoch 24/40: 100%|█████████████████████████████████████████████████████████████████████████████████████████████████████████| 155/155 [00:18<00:00,  8.59it/s]
✅ Epoch 24, Train Loss: 0.2570
✅ Epoch 24, Val Loss: 0.1122, Type Acc: 0.9943, Brand Acc: 0.9932, Device Acc: 0.9776
Epoch 25/40: 100%|█████████████████████████████████████████████████████████████████████████████████████████████████████████| 155/155 [00:17<00:00,  8.63it/s]
✅ Epoch 25, Train Loss: 0.2805
✅ Epoch 25, Val Loss: 0.1439, Type Acc: 0.9931, Brand Acc: 0.9905, Device Acc: 0.9723
Epoch 26/40: 100%|█████████████████████████████████████████████████████████████████████████████████████████████████████████| 155/155 [00:17<00:00,  8.65it/s]
✅ Epoch 26, Train Loss: 0.2587
✅ Epoch 26, Val Loss: 0.1494, Type Acc: 0.9916, Brand Acc: 0.9893, Device Acc: 0.9685
Epoch 27/40: 100%|█████████████████████████████████████████████████████████████████████████████████████████████████████████| 155/155 [00:17<00:00,  8.70it/s]
✅ Epoch 27, Train Loss: 0.2609
✅ Epoch 27, Val Loss: 0.1475, Type Acc: 0.9932, Brand Acc: 0.9896, Device Acc: 0.9754
Epoch 28/40: 100%|█████████████████████████████████████████████████████████████████████████████████████████████████████████| 155/155 [00:17<00:00,  8.72it/s]
✅ Epoch 28, Train Loss: 0.2506
✅ Epoch 28, Val Loss: 0.1346, Type Acc: 0.9943, Brand Acc: 0.9931, Device Acc: 0.9764
Epoch 29/40: 100%|█████████████████████████████████████████████████████████████████████████████████████████████████████████| 155/155 [00:17<00:00,  8.68it/s]
✅ Epoch 29, Train Loss: 0.2648
✅ Epoch 29, Val Loss: 0.4321, Type Acc: 0.9684, Brand Acc: 0.9646, Device Acc: 0.9492
Epoch 30/40: 100%|█████████████████████████████████████████████████████████████████████████████████████████████████████████| 155/155 [00:17<00:00,  8.70it/s]
✅ Epoch 30, Train Loss: 0.2660
✅ Epoch 30, Val Loss: 0.1354, Type Acc: 0.9921, Brand Acc: 0.9924, Device Acc: 0.9782
Epoch 31/40: 100%|█████████████████████████████████████████████████████████████████████████████████████████████████████████| 155/155 [00:18<00:00,  8.54it/s]
✅ Epoch 31, Train Loss: 0.2482
✅ Epoch 31, Val Loss: 0.1769, Type Acc: 0.9952, Brand Acc: 0.9906, Device Acc: 0.9622
Epoch 32/40: 100%|█████████████████████████████████████████████████████████████████████████████████████████████████████████| 155/155 [00:18<00:00,  8.59it/s]
✅ Epoch 32, Train Loss: 0.2196
✅ Epoch 32, Val Loss: 0.1274, Type Acc: 0.9961, Brand Acc: 0.9927, Device Acc: 0.9778
Epoch 33/40: 100%|█████████████████████████████████████████████████████████████████████████████████████████████████████████| 155/155 [00:18<00:00,  8.37it/s]
✅ Epoch 33, Train Loss: 0.2247
✅ Epoch 33, Val Loss: 0.2018, Type Acc: 0.9917, Brand Acc: 0.9897, Device Acc: 0.9568
Epoch 34/40: 100%|█████████████████████████████████████████████████████████████████████████████████████████████████████████| 155/155 [00:18<00:00,  8.59it/s]
✅ Epoch 34, Train Loss: 0.2122
✅ Epoch 34, Val Loss: 0.1719, Type Acc: 0.9917, Brand Acc: 0.9915, Device Acc: 0.9644
Epoch 35/40: 100%|█████████████████████████████████████████████████████████████████████████████████████████████████████████| 155/155 [00:17<00:00,  8.75it/s]
✅ Epoch 35, Train Loss: 0.2411
✅ Epoch 35, Val Loss: 0.2287, Type Acc: 0.9835, Brand Acc: 0.9810, Device Acc: 0.9657
Epoch 36/40: 100%|█████████████████████████████████████████████████████████████████████████████████████████████████████████| 155/155 [00:18<00:00,  8.54it/s]
✅ Epoch 36, Train Loss: 0.2440
✅ Epoch 36, Val Loss: 0.1522, Type Acc: 0.9931, Brand Acc: 0.9922, Device Acc: 0.9708
Epoch 37/40: 100%|█████████████████████████████████████████████████████████████████████████████████████████████████████████| 155/155 [00:17<00:00,  8.63it/s]
✅ Epoch 37, Train Loss: 0.2371
✅ Epoch 37, Val Loss: 0.1500, Type Acc: 0.9935, Brand Acc: 0.9922, Device Acc: 0.9801
Epoch 38/40: 100%|█████████████████████████████████████████████████████████████████████████████████████████████████████████| 155/155 [00:17<00:00,  8.70it/s]
✅ Epoch 38, Train Loss: 0.2353
✅ Epoch 38, Val Loss: 0.1221, Type Acc: 0.9946, Brand Acc: 0.9930, Device Acc: 0.9687
Epoch 39/40: 100%|█████████████████████████████████████████████████████████████████████████████████████████████████████████| 155/155 [00:18<00:00,  8.50it/s]
✅ Epoch 39, Train Loss: 0.2180
✅ Epoch 39, Val Loss: 0.0907, Type Acc: 0.9961, Brand Acc: 0.9956, Device Acc: 0.9820
Epoch 40/40: 100%|█████████████████████████████████████████████████████████████████████████████████████████████████████████| 155/155 [00:17<00:00,  8.68it/s]
✅ Epoch 40, Train Loss: 0.2172
✅ Epoch 40, Val Loss: 0.1573, Type Acc: 0.9876, Brand Acc: 0.9893, Device Acc: 0.9781
✔️ 模型已保存至: /home/hyj/unknownDeviceIdentification/dataset/11_multitask_training/cicIoT2022/optimized_multitask_model.pt







(iot) hyj@csu424:~/unknownDeviceIdentification$ /home/hyj/.conda/envs/iot/bin/python /home/hyj/unknownDeviceIdentification/supervisedClassification/2_optimized_train_multitask_classifier_cicIoT2022.py
Sampled test set saved to: /home/hyj/unknownDeviceIdentification/dataset/11_multitask_training/cicIoT2022/2_sampled_cicIoT2022_test.csv
Sampled test samples: 30000
Original type_label distribution: {'HomeAutomation': 271114, 'Camera': 141740, 'Audio': 116448, 'Appliances13': 17144}
Sampled type_label distribution: {'HomeAutomation': 14884, 'Camera': 7782, 'Audio': 6393, 'Appliances13': 941}
Original is_behavior distribution: {0: 546446}
Sampled is_behavior distribution: {0: 30000}
✅ 加载样本数: 9930
📚 标签类别数: type=4, brand=18, device=31
✅ 加载样本数: 30000
📚 标签类别数: type=4, brand=18, device=31
🚀 开始多任务训练...
Epoch 1/40: 100%|██████████████████████████████████████████████████████████████████████████████████████████████████████████| 156/156 [00:21<00:00,  7.29it/s]
✅ Epoch 1, Train Loss: 1.6951
✅ Epoch 1, Val Loss: 0.4842, Type Acc: 0.9863, Brand Acc: 0.9766, Device Acc: 0.8869
Epoch 2/40: 100%|██████████████████████████████████████████████████████████████████████████████████████████████████████████| 156/156 [00:18<00:00,  8.34it/s]
✅ Epoch 2, Train Loss: 0.7332
✅ Epoch 2, Val Loss: 0.5054, Type Acc: 0.9851, Brand Acc: 0.9703, Device Acc: 0.8651
Epoch 3/40: 100%|██████████████████████████████████████████████████████████████████████████████████████████████████████████| 156/156 [00:17<00:00,  8.98it/s]
✅ Epoch 3, Train Loss: 0.6480
✅ Epoch 3, Val Loss: 0.5098, Type Acc: 0.9878, Brand Acc: 0.9538, Device Acc: 0.8736
Epoch 4/40: 100%|██████████████████████████████████████████████████████████████████████████████████████████████████████████| 156/156 [00:17<00:00,  9.04it/s]
✅ Epoch 4, Train Loss: 0.5828
✅ Epoch 4, Val Loss: 0.3031, Type Acc: 0.9847, Brand Acc: 0.9880, Device Acc: 0.9204
Epoch 5/40: 100%|██████████████████████████████████████████████████████████████████████████████████████████████████████████| 156/156 [00:17<00:00,  9.00it/s]
✅ Epoch 5, Train Loss: 0.5554
✅ Epoch 5, Val Loss: 0.3220, Type Acc: 0.9859, Brand Acc: 0.9820, Device Acc: 0.9107
Epoch 6/40: 100%|██████████████████████████████████████████████████████████████████████████████████████████████████████████| 156/156 [00:17<00:00,  9.02it/s]
✅ Epoch 6, Train Loss: 0.5558
✅ Epoch 6, Val Loss: 0.3210, Type Acc: 0.9882, Brand Acc: 0.9799, Device Acc: 0.9166
Epoch 7/40: 100%|██████████████████████████████████████████████████████████████████████████████████████████████████████████| 156/156 [00:17<00:00,  9.01it/s]
✅ Epoch 7, Train Loss: 0.5145
✅ Epoch 7, Val Loss: 0.2612, Type Acc: 0.9896, Brand Acc: 0.9908, Device Acc: 0.9225
Epoch 8/40: 100%|██████████████████████████████████████████████████████████████████████████████████████████████████████████| 156/156 [00:17<00:00,  8.89it/s]
✅ Epoch 8, Train Loss: 0.4839
✅ Epoch 8, Val Loss: 0.2913, Type Acc: 0.9918, Brand Acc: 0.9850, Device Acc: 0.9191
Epoch 9/40: 100%|██████████████████████████████████████████████████████████████████████████████████████████████████████████| 156/156 [00:17<00:00,  8.91it/s]
✅ Epoch 9, Train Loss: 0.5170
✅ Epoch 9, Val Loss: 0.3426, Type Acc: 0.9830, Brand Acc: 0.9842, Device Acc: 0.9041
Epoch 10/40: 100%|█████████████████████████████████████████████████████████████████████████████████████████████████████████| 156/156 [00:17<00:00,  8.90it/s]
✅ Epoch 10, Train Loss: 0.4568
✅ Epoch 10, Val Loss: 0.2777, Type Acc: 0.9927, Brand Acc: 0.9911, Device Acc: 0.9284
Epoch 11/40: 100%|█████████████████████████████████████████████████████████████████████████████████████████████████████████| 156/156 [00:17<00:00,  8.90it/s]
✅ Epoch 11, Train Loss: 0.4712
✅ Epoch 11, Val Loss: 0.3424, Type Acc: 0.9891, Brand Acc: 0.9872, Device Acc: 0.9077
Epoch 12/40: 100%|█████████████████████████████████████████████████████████████████████████████████████████████████████████| 156/156 [00:17<00:00,  8.89it/s]
✅ Epoch 12, Train Loss: 0.4476
✅ Epoch 12, Val Loss: 0.2298, Type Acc: 0.9935, Brand Acc: 0.9930, Device Acc: 0.9262
Epoch 13/40: 100%|█████████████████████████████████████████████████████████████████████████████████████████████████████████| 156/156 [00:17<00:00,  8.89it/s]
✅ Epoch 13, Train Loss: 0.4274
✅ Epoch 13, Val Loss: 0.1996, Type Acc: 0.9967, Brand Acc: 0.9942, Device Acc: 0.9329
Epoch 14/40: 100%|█████████████████████████████████████████████████████████████████████████████████████████████████████████| 156/156 [00:17<00:00,  8.89it/s]
✅ Epoch 14, Train Loss: 0.4185
✅ Epoch 14, Val Loss: 0.2247, Type Acc: 0.9953, Brand Acc: 0.9951, Device Acc: 0.9251
Epoch 15/40: 100%|█████████████████████████████████████████████████████████████████████████████████████████████████████████| 156/156 [00:17<00:00,  8.87it/s]
✅ Epoch 15, Train Loss: 0.4029
✅ Epoch 15, Val Loss: 0.2189, Type Acc: 0.9932, Brand Acc: 0.9931, Device Acc: 0.9239
Epoch 16/40: 100%|█████████████████████████████████████████████████████████████████████████████████████████████████████████| 156/156 [00:17<00:00,  8.90it/s]
✅ Epoch 16, Train Loss: 0.3860
✅ Epoch 16, Val Loss: 0.2389, Type Acc: 0.9961, Brand Acc: 0.9938, Device Acc: 0.9215
Epoch 17/40: 100%|█████████████████████████████████████████████████████████████████████████████████████████████████████████| 156/156 [00:17<00:00,  8.88it/s]
✅ Epoch 17, Train Loss: 0.3989
✅ Epoch 17, Val Loss: 0.2795, Type Acc: 0.9921, Brand Acc: 0.9915, Device Acc: 0.9319
Epoch 18/40: 100%|█████████████████████████████████████████████████████████████████████████████████████████████████████████| 156/156 [00:17<00:00,  8.89it/s]
✅ Epoch 18, Train Loss: 0.3971
✅ Epoch 18, Val Loss: 0.1885, Type Acc: 0.9961, Brand Acc: 0.9948, Device Acc: 0.9353
Epoch 19/40: 100%|█████████████████████████████████████████████████████████████████████████████████████████████████████████| 156/156 [00:17<00:00,  8.88it/s]
✅ Epoch 19, Train Loss: 0.3851
✅ Epoch 19, Val Loss: 0.2239, Type Acc: 0.9949, Brand Acc: 0.9896, Device Acc: 0.9287
Epoch 20/40: 100%|█████████████████████████████████████████████████████████████████████████████████████████████████████████| 156/156 [00:17<00:00,  8.87it/s]
✅ Epoch 20, Train Loss: 0.3942
✅ Epoch 20, Val Loss: 0.2297, Type Acc: 0.9957, Brand Acc: 0.9912, Device Acc: 0.9296
Epoch 21/40: 100%|█████████████████████████████████████████████████████████████████████████████████████████████████████████| 156/156 [00:17<00:00,  8.88it/s]
✅ Epoch 21, Train Loss: 0.3834
✅ Epoch 21, Val Loss: 0.1781, Type Acc: 0.9972, Brand Acc: 0.9963, Device Acc: 0.9331
Epoch 22/40: 100%|█████████████████████████████████████████████████████████████████████████████████████████████████████████| 156/156 [00:17<00:00,  8.88it/s]
✅ Epoch 22, Train Loss: 0.3839
✅ Epoch 22, Val Loss: 0.2121, Type Acc: 0.9966, Brand Acc: 0.9958, Device Acc: 0.9269
Epoch 23/40: 100%|█████████████████████████████████████████████████████████████████████████████████████████████████████████| 156/156 [00:17<00:00,  8.86it/s]
✅ Epoch 23, Train Loss: 0.3761
✅ Epoch 23, Val Loss: 0.1676, Type Acc: 0.9969, Brand Acc: 0.9954, Device Acc: 0.9394
Epoch 24/40: 100%|█████████████████████████████████████████████████████████████████████████████████████████████████████████| 156/156 [00:17<00:00,  8.88it/s]
✅ Epoch 24, Train Loss: 0.3768
✅ Epoch 24, Val Loss: 0.2527, Type Acc: 0.9899, Brand Acc: 0.9904, Device Acc: 0.9319
Epoch 25/40: 100%|█████████████████████████████████████████████████████████████████████████████████████████████████████████| 156/156 [00:17<00:00,  8.87it/s]
✅ Epoch 25, Train Loss: 0.3608
✅ Epoch 25, Val Loss: 0.2369, Type Acc: 0.9911, Brand Acc: 0.9888, Device Acc: 0.9322
Epoch 26/40: 100%|█████████████████████████████████████████████████████████████████████████████████████████████████████████| 156/156 [00:17<00:00,  8.87it/s]
✅ Epoch 26, Train Loss: 0.3518
✅ Epoch 26, Val Loss: 0.2782, Type Acc: 0.9913, Brand Acc: 0.9894, Device Acc: 0.9275
Epoch 27/40: 100%|█████████████████████████████████████████████████████████████████████████████████████████████████████████| 156/156 [00:17<00:00,  8.83it/s]
✅ Epoch 27, Train Loss: 0.3697
✅ Epoch 27, Val Loss: 0.1848, Type Acc: 0.9973, Brand Acc: 0.9924, Device Acc: 0.9358
Epoch 28/40: 100%|█████████████████████████████████████████████████████████████████████████████████████████████████████████| 156/156 [00:17<00:00,  8.88it/s]
✅ Epoch 28, Train Loss: 0.3154
✅ Epoch 28, Val Loss: 0.2371, Type Acc: 0.9916, Brand Acc: 0.9906, Device Acc: 0.9276
Epoch 29/40: 100%|█████████████████████████████████████████████████████████████████████████████████████████████████████████| 156/156 [00:17<00:00,  8.82it/s]
✅ Epoch 29, Train Loss: 0.3195
✅ Epoch 29, Val Loss: 0.2523, Type Acc: 0.9916, Brand Acc: 0.9894, Device Acc: 0.9284
Epoch 30/40: 100%|█████████████████████████████████████████████████████████████████████████████████████████████████████████| 156/156 [00:17<00:00,  8.90it/s]
✅ Epoch 30, Train Loss: 0.3271
✅ Epoch 30, Val Loss: 0.2473, Type Acc: 0.9968, Brand Acc: 0.9897, Device Acc: 0.9244
Epoch 31/40: 100%|█████████████████████████████████████████████████████████████████████████████████████████████████████████| 156/156 [00:17<00:00,  8.82it/s]
✅ Epoch 31, Train Loss: 0.3432
✅ Epoch 31, Val Loss: 0.1576, Type Acc: 0.9971, Brand Acc: 0.9966, Device Acc: 0.9392
Epoch 32/40: 100%|█████████████████████████████████████████████████████████████████████████████████████████████████████████| 156/156 [00:17<00:00,  8.89it/s]
✅ Epoch 32, Train Loss: 0.3323
✅ Epoch 32, Val Loss: 0.2034, Type Acc: 0.9930, Brand Acc: 0.9889, Device Acc: 0.9280
Epoch 33/40: 100%|█████████████████████████████████████████████████████████████████████████████████████████████████████████| 156/156 [00:17<00:00,  8.84it/s]
✅ Epoch 33, Train Loss: 0.3257
✅ Epoch 33, Val Loss: 0.1774, Type Acc: 0.9974, Brand Acc: 0.9965, Device Acc: 0.9365
Epoch 34/40: 100%|█████████████████████████████████████████████████████████████████████████████████████████████████████████| 156/156 [00:17<00:00,  8.90it/s]
✅ Epoch 34, Train Loss: 0.3177
✅ Epoch 34, Val Loss: 0.2364, Type Acc: 0.9947, Brand Acc: 0.9936, Device Acc: 0.9258
Epoch 35/40: 100%|█████████████████████████████████████████████████████████████████████████████████████████████████████████| 156/156 [00:17<00:00,  8.87it/s]
✅ Epoch 35, Train Loss: 0.3108
✅ Epoch 35, Val Loss: 0.1603, Type Acc: 0.9973, Brand Acc: 0.9959, Device Acc: 0.9396
Epoch 36/40: 100%|█████████████████████████████████████████████████████████████████████████████████████████████████████████| 156/156 [00:17<00:00,  8.90it/s]
✅ Epoch 36, Train Loss: 0.2994
✅ Epoch 36, Val Loss: 0.1792, Type Acc: 0.9957, Brand Acc: 0.9945, Device Acc: 0.9402
Epoch 37/40: 100%|█████████████████████████████████████████████████████████████████████████████████████████████████████████| 156/156 [00:17<00:00,  8.94it/s]
✅ Epoch 37, Train Loss: 0.3276
✅ Epoch 37, Val Loss: 0.1772, Type Acc: 0.9947, Brand Acc: 0.9946, Device Acc: 0.9404
Epoch 38/40: 100%|█████████████████████████████████████████████████████████████████████████████████████████████████████████| 156/156 [00:17<00:00,  8.99it/s]
✅ Epoch 38, Train Loss: 0.3100
✅ Epoch 38, Val Loss: 0.2031, Type Acc: 0.9965, Brand Acc: 0.9943, Device Acc: 0.9363
Epoch 39/40: 100%|█████████████████████████████████████████████████████████████████████████████████████████████████████████| 156/156 [00:17<00:00,  8.94it/s]
✅ Epoch 39, Train Loss: 0.2967
✅ Epoch 39, Val Loss: 0.1737, Type Acc: 0.9974, Brand Acc: 0.9969, Device Acc: 0.9393
Epoch 40/40: 100%|█████████████████████████████████████████████████████████████████████████████████████████████████████████| 156/156 [00:17<00:00,  8.99it/s]
✅ Epoch 40, Train Loss: 0.2830
✅ Epoch 40, Val Loss: 0.2227, Type Acc: 0.9954, Brand Acc: 0.9947, Device Acc: 0.9267
✔️ 模型已保存至: /home/hyj/unknownDeviceIdentification/dataset/11_multitask_training/cicIoT2022/2_optimized_multitask_model.pt







(iot) hyj@csu424:~/unknownDeviceIdentification$ /home/hyj/.conda/envs/iot/bin/python /home/hyj/unknownDeviceIdentification/supervisedClassification/2_optimized_train_multitask_classifier_cicIoT2022.py
Sampled test set saved to: /home/hyj/unknownDeviceIdentification/dataset/11_multitask_training/cicIoT2022/3_sampled_cicIoT2022_test.csv
Sampled test samples: 30000
Original type_label distribution: {'HomeAutomation': 290524, 'Camera': 163712, 'Audio': 77628, 'Appliances13': 17144}
Sampled type_label distribution: {'HomeAutomation': 15875, 'Camera': 8946, 'Audio': 4242, 'Appliances13': 937}
Original is_behavior distribution: {0: 549008}
Sampled is_behavior distribution: {0: 30000}
✅ 加载样本数: 9897
📚 标签类别数: type=4, brand=19, device=31
✅ 加载样本数: 30000
📚 标签类别数: type=4, brand=19, device=31
🚀 开始多任务训练...
Epoch 1/40:  20%|████████████████████▊                                                                                   | 31/155 [00:Epoch 1/40:  21%|█████████████████████▍                                                                                  | 32/155 [00:Epoch 1/40:  21%|██████████████████████▏                                                                                 | 33/155 [00:Epoch 1/40:  22%|██████████████████████▊                                                                                 | 34/155 [00:Epoch 1/40:  23%|███████████████████████▍                                                                                | 35/155 [00:Epoch 1/40:  23%|████████████████████████▏                                                                               | 36/155 [00:Epoch 1/40:  24%|████████████████████████▊                                                                               | 37/155 [00:Epoch 1/40:  25%|█████████████████████████▍                                                                              | 38/155 [00:Epoch 1/40:  25%|██████████████████████████▏                                                                             | 39/155 [00:Epoch 1/40:  26%|██████████████████████████▊                                                                             | 40/155 [00:Epoch 1/40:  26%|███████████████████████████▌                                                                            | 41/155 [00:Epoch 1/40:  27%|████████████████████████████▏                                                                           | 42/155 [00:Epoch 1/40:  28%|████████████████████████████▊                                                                           | 43/155 [00:Epoch 1/40:  28%|█████████████████████████████▌                                                                          | 44/155 [00:Epoch 1/40:  29%|██████████████████████████████▏                                                                         | 45/155 [00:Epoch 1/40:  30%|██████████████████████████████▊                                                                         | 46/155 [00:Epoch 1/40:  30%|███████████████████████████████▌                                                                        | 47/155 [00:Epoch 1/40:  31%|████████████████████████████████▏                                                                       | 48/155 [00:Epoch 1/40:  32%|████████████████████████████████▉                                                                       | 49/155 [00:Epoch 1/40:  32%|█████████████████████████████████▌                                                                      | 50/155 [00:Epoch 1/40:  33%|██████████████████████████████████▏                                                                     | 51/155 [00:Epoch 1/40:  34%|██████████████████████████████████▉                                                                     | 52/155 [00:Epoch 1/40:  34%|███████████████████████████████████▌                                                                    | 53/155 [00:Epoch 1/40:  35%|████████████████████████████████████▏                                                                   | 54/155 [00:Epoch 1/40:  35%|████████████████████████████████████▉                                                                   | 55/155 [00:Epoch 1/40:  36%|█████████████████████████████████████▌                                                                  | 56/155 [00:Epoch 1/40:  37%|██████████████████████████████████████▏                                                                 | 57/155 [00:Epoch 1/40:  37%|██████████████████████████████████████▉                                                                 | 58/155 [00:Epoch 1/40:  38%|███████████████████████████████████████▌                                                                | 59/155 [00:Epoch 1/40:  39%|████████████████████████████████████████▎                                                               | 60/155 [00:Epoch 1/40:  39%|████████████████████████████████████████▉                                                               | 61/155 [00:Epoch 1/40:  40%|█████████████████████████████████████████▌                                                              | 62/155 [00:Epoch 1/40:  41%|██████████████████████████████████████████▎                                                             | 63/155 [00:Epoch 1/40:  41%|██████████████████████████████████████████▉                                                             | 64/155 [00:Epoch 1/40:  42%|███████████████████████████████████████████▌                                                            | 65/155 [00:Epoch 1/40:  43%|████████████████████████████████████████████▎                                                           | 66/155 [00:Epoch 1/40:  43%|████████████████████████████████████████████▉                                                           | 67/155 [00:Epoch 1/40:  44%|█████████████████████████████████████████████▋                                                          | 68/155 [00:Epoch 1/40:  45%|██████████████████████████████████████████████▎                                                         | 69/155 [00:Epoch 1/40:  45%|██████████████████████████████████████████████▉                                                         | 70/155 [00:Epoch 1/40:  46%|███████████████████████████████████████████████▋                                                        | 71/155 [00:Epoch 1/40:  46%|████████████████████████████████████████████████▎                                                       | 72/155 [00:Epoch 1/40:  47%|████████████████████████████████████████████████▉                                                       | 73/155 [00:Epoch 1/40:  48%|█████████████████████████████████████████████████▋                                                      | 74/155 [00:Epoch 1/40:  48%|██████████████████████████████████████████████████▎                                                     | 75/155 [00:Epoch 1/40:  49%|██████████████████████████████████████████████████▉                                                     | 76/155 [00:Epoch 1/40:  50%|███████████████████████████████████████████████████▋                                                    | 77/155 [00:Epoch 1/40:  50%|████████████████████████████████████████████████████▎                                                   | 78/155 [00:Epoch 1/40:  51%|█████████████████████████████████████████████████████                                                   | 79/155 [00:Epoch 1/40:  52%|█████████████████████████████████████████████████████▋                                                  | 80/155 [00:Epoch 1/40:  52%|██████████████████████████████████████████████████████▎                                                 | 81/155 [00:Epoch 1/40:  53%|███████████████████████████████████████████████████████                                                 | 82/155 [00:Epoch 1/40:  54%|███████████████████████████████████████████████████████▋                                                | 83/155 [00:Epoch 1/40:  54%|████████████████████████████████████████████████████████▎                                               | 84/155 [00:Epoch 1/40:  55%|█████████████████████████████████████████████████████████                                               | 85/155 [00:Epoch 1/40:  55%|█████████████████████████████████████████████████████████▋                                              | 86/155 [00:Epoch 1/40:  56%|██████████████████████████████████████████████████████████▎                                             | 87/155 [00:Epoch 1/40:  57%|███████████████████████████████████████████████████████████                                             | 88/155 [00:Epoch 1/40:  57%|███████████████████████████████████████████████████████████▋                                            | 89/155 [00:Epoch 1/40:  58%|████████████████████████████████████████████████████████████▍                                           | 90/155 [00:Epoch 1/40:  59%|█████████████████████████████████████████████████████████████                                           | 91/155 [00:Epoch 1/40:  59%|█████████████████████████████████████████████████████████████▋                                          | 92/155 [00:Epoch 1/40:  60%|██████████████████████████████████████████████████████████████▍                                         | 93/155 [00:Epoch 1/40:  61%|███████████████████████████████████████████████████████████████                                         | 94/155 [00:Epoch 1/40:  61%|███████████████████████████████████████████████████████████████▋                                        | 95/155 [00:Epoch 1/40:  62%|████████████████████████████████████████████████████████████████▍                                       | 96/155 [00:Epoch 1/40:  63%|█████████████████████████████████████████████████████████████████                                       | 97/155 [00:Epoch 1/40:  63%|█████████████████████████████████████████████████████████████████▊                                      | 98/155 [00:Epoch 1/40:  64%|██████████████████████████████████████████████████████████████████▍                                     | 99/155 [00:Epoch 1/40:  65%|██████████████████████████████████████████████████████████████████▍                                    | 100/155 [00:Epoch 1/40:  65%|███████████████████████████████████████████████████████████████████                                    | 101/155 [00:Epoch 1/40:  66%|███████████████████████████████████████████████████████████████████▊                                   | 102/155 [00:Epoch 1/40:  66%|████████████████████████████████████████████████████████████████████▍                                  | 103/155 [00:Epoch 1/40:  67%|█████████████████████████████████████████████████████████████████████                                  | 104/155 [00:Epoch 1/40:  68%|█████████████████████████████████████████████████████████████████████▊                                 | 105/155 [00:Epoch 1/40:  68%|██████████████████████████████████████████████████████████████████████▍                                | 106/155 [00:Epoch 1/40:  69%|███████████████████████████████████████████████████████████████████████                                | 107/155 [00:Epoch 1/40:  70%|███████████████████████████████████████████████████████████████████████▊                               | 108/155 [00:Epoch 1/40:  70%|████████████████████████████████████████████████████████████████████████▍                              | 109/155 [00:Epoch 1/40:  71%|█████████████████████████████████████████████████████████████████████████                              | 110/155 [00:Epoch 1/40:  72%|█████████████████████████████████████████████████████████████████████████▊                             | 111/155 [00:Epoch 1/40:  72%|██████████████████████████████████████████████████████████████████████████▍                            | 112/155 [00:Epoch 1/40:  73%|███████████████████████████████████████████████████████████████████████████                            | 113/155 [00:Epoch 1/40:  74%|███████████████████████████████████████████████████████████████████████████▊                           | 114/155 [00:Epoch 1/40:  74%|████████████████████████████████████████████████████████████████████████████▍                          | 115/155 [00:Epoch 1/40:  75%|█████████████████████████████████████████████████████████████████████████████                          | 116/155 [00:Epoch 1/40:  75%|█████████████████████████████████████████████████████████████████████████████▋                         | 117/155 [00:Epoch 1/40:  76%|██████████████████████████████████████████████████████████████████████████████▍                        | 118/155 [00:Epoch 1/40:  77%|███████████████████████████████████████████████████████████████████████████████                        | 119/155 [00:Epoch 1/40:  77%|███████████████████████████████████████████████████████████████████████████████▋                       | 120/155 [00:Epoch 1/40:  78%|████████████████████████████████████████████████████████████████████████████████▍                      | 121/155 [00:Epoch 1/40:  79%|█████████████████████████████████████████████████████████████████████████████████                      | 122/155 [00:Epoch 1/40:  79%|█████████████████████████████████████████████████████████████████████████████████▋                     | 123/155 [00:Epoch 1/40:  80%|██████████████████████████████████████████████████████████████████████████████████▍                    | 124/155 [00:Epoch 1/40:  81%|███████████████████████████████████████████████████████████████████████████████████                    | 125/155 [00:Epoch 1/40:  81%|███████████████████████████████████████████████████████████████████████████████████▋                   | 126/155 [00:Epoch 1/40:  82%|████████████████████████████████████████████████████████████████████████████████████▍                  | 127/155 [00:Epoch 1/40:  83%|█████████████████████████████████████████████████████████████████████████████████████                  | 128/155 [00:Epoch 1/40:  83%|█████████████████████████████████████████████████████████████████████████████████████▋                 | 129/155 [00:Epoch 1/40:  84%|██████████████████████████████████████████████████████████████████████████████████████▍                | 130/155 [00:Epoch 1/40:  85%|███████████████████████████████████████████████████████████████████████████████████████                | 131/155 [00:Epoch 1/40:  85%|███████████████████████████████████████████████████████████████████████████████████████▋               | 132/155 [00:Epoch 1/40:  86%|████████████████████████████████████████████████████████████████████████████████████████▍              | 133/155 [00:Epoch 1/40:  86%|█████████████████████████████████████████████████████████████████████████████████████████              | 134/155 [00:Epoch 1/40:  87%|█████████████████████████████████████████████████████████████████████████████████████████▋             | 135/155 [00:Epoch 1/40:  88%|██████████████████████████████████████████████████████████████████████████████████████████▎            | 136/155 [00:Epoch 1/40:  88%|███████████████████████████████████████████████████████████████████████████████████████████            | 137/155 [00:Epoch 1/40:  89%|███████████████████████████████████████████████████████████████████████████████████████████▋           | 138/155 [00:Epoch 1/40:  90%|████████████████████████████████████████████████████████████████████████████████████████████▎          | 139/155 [00:Epoch 1/40:  90%|█████████████████████████████████████████████████████████████████████████████████████████████          | 140/155 [00:Epoch 1/40:  91%|█████████████████████████████████████████████████████████████████████████████████████████████▋         | 141/155 [00:Epoch 1/40:  92%|██████████████████████████████████████████████████████████████████████████████████████████████▎        | 142/155 [00:Epoch 1/40:  92%|███████████████████████████████████████████████████████████████████████████████████████████████        | 143/155 [00:Epoch 1/40:  93%|███████████████████████████████████████████████████████████████████████████████████████████████▋       | 144/155 [00:Epoch 1/40:  94%|████████████████████████████████████████████████████████████████████████████████████████████████▎      | 145/155 [00:Epoch 1/40:  94%|█████████████████████████████████████████████████████████████████████████████████████████████████      | 146/155 [00:Epoch 1/40:  95%|█████████████████████████████████████████████████████████████████████████████████████████████████▋     | 147/155 [00:Epoch 1/40:  95%|██████████████████████████████████████████████████████████████████████████████████████████████████▎    | 148/155 [00:Epoch 1/40:  96%|███████████████████████████████████████████████████████████████████████████████████████████████████    | 149/155 [00:Epoch 1/40:  97%|███████████████████████████████████████████████████████████████████████████████████████████████████▋   | 150/155 [00:Epoch 1/40:  97%|████████████████████████████████████████████████████████████████████████████████████████████████████▎  | 151/155 [00:Epoch 1/40:  98%|█████████████████████████████████████████████████████████████████████████████████████████████████████  | 152/155 [00:Epoch 1/40:  99%|█████████████████████████████████████████████████████████████████████████████████████████████████████▋ | 153/155 [00:Epoch 1/40:  99%|██████████████████████████████████████████████████████████████████████████████████████████████████████▎| 154/155 [00:Epoch 1/40: 100%|███████████████████████████████████████████████████████████████████████████████████████████████████████| 155/155 [00:17<00:00,  8.79it/s]
✅ Epoch 1, Train Loss: 1.8520
✅ Epoch 1, Val Loss: 0.6613, Type Acc: 0.9777, Brand Acc: 0.9662, Device Acc: 0.8410
Epoch 2/40: 100%|███████████████████████████████████████████████████████████████████████████████████| 155/155 [00:17<00:00,  8.95it/s]
✅ Epoch 2, Train Loss: 0.6989
✅ Epoch 2, Val Loss: 0.3255, Type Acc: 0.9878, Brand Acc: 0.9830, Device Acc: 0.9230
Epoch 3/40: 100%|███████████████████████████████████████████████████████████████████████████████████| 155/155 [00:17<00:00,  8.90it/s]
✅ Epoch 3, Train Loss: 0.6077
✅ Epoch 3, Val Loss: 0.3863, Type Acc: 0.9906, Brand Acc: 0.9741, Device Acc: 0.8919
Epoch 4/40: 100%|███████████████████████████████████████████████████████████████████████████████████| 155/155 [00:17<00:00,  8.85it/s]
✅ Epoch 4, Train Loss: 0.5939
✅ Epoch 4, Val Loss: 0.4236, Type Acc: 0.9863, Brand Acc: 0.9614, Device Acc: 0.8985
Epoch 5/40: 100%|███████████████████████████████████████████████████████████████████████████████████| 155/155 [00:17<00:00,  8.93it/s]
✅ Epoch 5, Train Loss: 0.5050
✅ Epoch 5, Val Loss: 0.2632, Type Acc: 0.9910, Brand Acc: 0.9881, Device Acc: 0.9287
Epoch 6/40: 100%|███████████████████████████████████████████████████████████████████████████████████| 155/155 [00:17<00:00,  8.92it/s]
✅ Epoch 6, Train Loss: 0.5258
✅ Epoch 6, Val Loss: 0.2914, Type Acc: 0.9922, Brand Acc: 0.9812, Device Acc: 0.9337
Epoch 7/40: 100%|███████████████████████████████████████████████████████████████████████████████████| 155/155 [00:17<00:00,  8.96it/s]
✅ Epoch 7, Train Loss: 0.4929
✅ Epoch 7, Val Loss: 0.2848, Type Acc: 0.9847, Brand Acc: 0.9776, Device Acc: 0.9314
Epoch 8/40: 100%|███████████████████████████████████████████████████████████████████████████████████| 155/155 [00:17<00:00,  8.99it/s]
✅ Epoch 8, Train Loss: 0.4791
✅ Epoch 8, Val Loss: 0.3156, Type Acc: 0.9899, Brand Acc: 0.9857, Device Acc: 0.9164
Epoch 9/40: 100%|███████████████████████████████████████████████████████████████████████████████████| 155/155 [00:17<00:00,  9.02it/s]
✅ Epoch 9, Train Loss: 0.4622
✅ Epoch 9, Val Loss: 0.3230, Type Acc: 0.9887, Brand Acc: 0.9748, Device Acc: 0.9334
Epoch 10/40: 100%|██████████████████████████████████████████████████████████████████████████████████| 155/155 [00:17<00:00,  8.97it/s]
✅ Epoch 10, Train Loss: 0.4389
✅ Epoch 10, Val Loss: 0.2857, Type Acc: 0.9831, Brand Acc: 0.9788, Device Acc: 0.9254
Epoch 11/40: 100%|██████████████████████████████████████████████████████████████████████████████████| 155/155 [00:17<00:00,  8.95it/s]
✅ Epoch 11, Train Loss: 0.4508
✅ Epoch 11, Val Loss: 0.2255, Type Acc: 0.9915, Brand Acc: 0.9867, Device Acc: 0.9433
Epoch 12/40: 100%|██████████████████████████████████████████████████████████████████████████████████| 155/155 [00:17<00:00,  8.90it/s]
✅ Epoch 12, Train Loss: 0.4428
✅ Epoch 12, Val Loss: 0.2350, Type Acc: 0.9877, Brand Acc: 0.9837, Device Acc: 0.9528
Epoch 13/40: 100%|██████████████████████████████████████████████████████████████████████████████████| 155/155 [00:17<00:00,  8.92it/s]
✅ Epoch 13, Train Loss: 0.4303
✅ Epoch 13, Val Loss: 0.2751, Type Acc: 0.9878, Brand Acc: 0.9847, Device Acc: 0.9367
Epoch 14/40: 100%|██████████████████████████████████████████████████████████████████████████████████| 155/155 [00:17<00:00,  9.02it/s]
✅ Epoch 14, Train Loss: 0.3953
✅ Epoch 14, Val Loss: 0.2175, Type Acc: 0.9925, Brand Acc: 0.9884, Device Acc: 0.9480
Epoch 15/40: 100%|██████████████████████████████████████████████████████████████████████████████████| 155/155 [00:17<00:00,  8.98it/s]
✅ Epoch 15, Train Loss: 0.3836
✅ Epoch 15, Val Loss: 0.2383, Type Acc: 0.9907, Brand Acc: 0.9863, Device Acc: 0.9445
Epoch 16/40: 100%|██████████████████████████████████████████████████████████████████████████████████| 155/155 [00:17<00:00,  8.97it/s]
✅ Epoch 16, Train Loss: 0.3826
✅ Epoch 16, Val Loss: 0.2656, Type Acc: 0.9873, Brand Acc: 0.9838, Device Acc: 0.9392
Epoch 17/40: 100%|██████████████████████████████████████████████████████████████████████████████████| 155/155 [00:17<00:00,  9.01it/s]
✅ Epoch 17, Train Loss: 0.3570
✅ Epoch 17, Val Loss: 0.2473, Type Acc: 0.9915, Brand Acc: 0.9880, Device Acc: 0.9293
Epoch 18/40: 100%|██████████████████████████████████████████████████████████████████████████████████| 155/155 [00:17<00:00,  8.99it/s]
✅ Epoch 18, Train Loss: 0.3780
✅ Epoch 18, Val Loss: 0.2530, Type Acc: 0.9912, Brand Acc: 0.9848, Device Acc: 0.9492
Epoch 19/40: 100%|██████████████████████████████████████████████████████████████████████████████████| 155/155 [00:17<00:00,  8.98it/s]
✅ Epoch 19, Train Loss: 0.3435
✅ Epoch 19, Val Loss: 0.2485, Type Acc: 0.9842, Brand Acc: 0.9813, Device Acc: 0.9482
Epoch 20/40: 100%|██████████████████████████████████████████████████████████████████████████████████| 155/155 [00:17<00:00,  8.98it/s]
✅ Epoch 20, Train Loss: 0.3338
✅ Epoch 20, Val Loss: 0.2452, Type Acc: 0.9906, Brand Acc: 0.9854, Device Acc: 0.9449
Epoch 21/40: 100%|██████████████████████████████████████████████████████████████████████████████████| 155/155 [00:17<00:00,  8.93it/s]
✅ Epoch 21, Train Loss: 0.3588
✅ Epoch 21, Val Loss: 0.1747, Type Acc: 0.9952, Brand Acc: 0.9917, Device Acc: 0.9587
Epoch 22/40: 100%|██████████████████████████████████████████████████████████████████████████████████| 155/155 [00:17<00:00,  8.99it/s]
✅ Epoch 22, Train Loss: 0.3589
✅ Epoch 22, Val Loss: 0.2378, Type Acc: 0.9892, Brand Acc: 0.9841, Device Acc: 0.9482
Epoch 23/40: 100%|██████████████████████████████████████████████████████████████████████████████████| 155/155 [00:17<00:00,  9.00it/s]
✅ Epoch 23, Train Loss: 0.3394
✅ Epoch 23, Val Loss: 0.2018, Type Acc: 0.9929, Brand Acc: 0.9911, Device Acc: 0.9443
Epoch 24/40: 100%|██████████████████████████████████████████████████████████████████████████████████| 155/155 [00:17<00:00,  8.98it/s]
✅ Epoch 24, Train Loss: 0.3271
✅ Epoch 24, Val Loss: 0.1721, Type Acc: 0.9940, Brand Acc: 0.9935, Device Acc: 0.9614
Epoch 25/40: 100%|██████████████████████████████████████████████████████████████████████████████████| 155/155 [00:17<00:00,  8.95it/s]
✅ Epoch 25, Train Loss: 0.3252
✅ Epoch 25, Val Loss: 0.2102, Type Acc: 0.9924, Brand Acc: 0.9881, Device Acc: 0.9605
Epoch 26/40: 100%|██████████████████████████████████████████████████████████████████████████████████| 155/155 [00:17<00:00,  8.92it/s]
✅ Epoch 26, Train Loss: 0.3251
✅ Epoch 26, Val Loss: 0.3087, Type Acc: 0.9891, Brand Acc: 0.9770, Device Acc: 0.9435
Epoch 27/40: 100%|██████████████████████████████████████████████████████████████████████████████████| 155/155 [00:17<00:00,  8.91it/s]
✅ Epoch 27, Train Loss: 0.3243
✅ Epoch 27, Val Loss: 0.1560, Type Acc: 0.9960, Brand Acc: 0.9938, Device Acc: 0.9603
Epoch 28/40: 100%|██████████████████████████████████████████████████████████████████████████████████| 155/155 [00:17<00:00,  8.83it/s]
✅ Epoch 28, Train Loss: 0.3166
✅ Epoch 28, Val Loss: 0.1759, Type Acc: 0.9933, Brand Acc: 0.9889, Device Acc: 0.9597
Epoch 29/40: 100%|██████████████████████████████████████████████████████████████████████████████████| 155/155 [00:17<00:00,  8.87it/s]
✅ Epoch 29, Train Loss: 0.3043
✅ Epoch 29, Val Loss: 0.2203, Type Acc: 0.9909, Brand Acc: 0.9870, Device Acc: 0.9574
Epoch 30/40: 100%|██████████████████████████████████████████████████████████████████████████████████| 155/155 [00:17<00:00,  8.72it/s]
✅ Epoch 30, Train Loss: 0.3347
✅ Epoch 30, Val Loss: 0.2105, Type Acc: 0.9910, Brand Acc: 0.9885, Device Acc: 0.9571
Epoch 31/40: 100%|██████████████████████████████████████████████████████████████████████████████████| 155/155 [00:17<00:00,  8.88it/s]
✅ Epoch 31, Train Loss: 0.3303
✅ Epoch 31, Val Loss: 0.1833, Type Acc: 0.9912, Brand Acc: 0.9896, Device Acc: 0.9567
Epoch 32/40: 100%|██████████████████████████████████████████████████████████████████████████████████| 155/155 [00:17<00:00,  8.93it/s]
✅ Epoch 32, Train Loss: 0.3011
✅ Epoch 32, Val Loss: 0.2307, Type Acc: 0.9947, Brand Acc: 0.9911, Device Acc: 0.9507
Epoch 33/40: 100%|██████████████████████████████████████████████████████████████████████████████████| 155/155 [00:17<00:00,  8.85it/s]
✅ Epoch 33, Train Loss: 0.2827
✅ Epoch 33, Val Loss: 0.1646, Type Acc: 0.9954, Brand Acc: 0.9926, Device Acc: 0.9593
Epoch 34/40: 100%|██████████████████████████████████████████████████████████████████████████████████| 155/155 [00:17<00:00,  9.09it/s]
✅ Epoch 34, Train Loss: 0.2931
✅ Epoch 34, Val Loss: 0.1476, Type Acc: 0.9955, Brand Acc: 0.9943, Device Acc: 0.9550
Epoch 35/40: 100%|██████████████████████████████████████████████████████████████████████████████████| 155/155 [00:17<00:00,  8.88it/s]
✅ Epoch 35, Train Loss: 0.2705
✅ Epoch 35, Val Loss: 0.2325, Type Acc: 0.9844, Brand Acc: 0.9817, Device Acc: 0.9407
Epoch 36/40: 100%|██████████████████████████████████████████████████████████████████████████████████| 155/155 [00:17<00:00,  8.87it/s]
✅ Epoch 36, Train Loss: 0.2874
✅ Epoch 36, Val Loss: 0.1665, Type Acc: 0.9944, Brand Acc: 0.9913, Device Acc: 0.9639
Epoch 37/40: 100%|██████████████████████████████████████████████████████████████████████████████████| 155/155 [00:17<00:00,  9.07it/s]
✅ Epoch 37, Train Loss: 0.2969
✅ Epoch 37, Val Loss: 0.2251, Type Acc: 0.9808, Brand Acc: 0.9817, Device Acc: 0.9587
Epoch 38/40: 100%|██████████████████████████████████████████████████████████████████████████████████| 155/155 [00:17<00:00,  8.91it/s]
✅ Epoch 38, Train Loss: 0.3014
✅ Epoch 38, Val Loss: 0.1664, Type Acc: 0.9925, Brand Acc: 0.9891, Device Acc: 0.9650
Epoch 39/40: 100%|██████████████████████████████████████████████████████████████████████████████████| 155/155 [00:17<00:00,  8.83it/s]
✅ Epoch 39, Train Loss: 0.2688
✅ Epoch 39, Val Loss: 0.2060, Type Acc: 0.9930, Brand Acc: 0.9923, Device Acc: 0.9609
Epoch 40/40: 100%|██████████████████████████████████████████████████████████████████████████████████| 155/155 [00:17<00:00,  9.00it/s]
✅ Epoch 40, Train Loss: 0.2753
✅ Epoch 40, Val Loss: 0.2308, Type Acc: 0.9944, Brand Acc: 0.9860, Device Acc: 0.9598
✔️ 模型已保存至: /home/hyj/unknownDeviceIdentification/dataset/11_multitask_training/cicIoT2022/3_optimized_multitask_model.pt