(iot) (base) hyj@csu424:~/unknownDeviceIdentification$ /home/hyj/.conda/envs/iot/bin/python /home/hyj/unknownDeviceIdentification/supervisedClassification/2_optimized_train_multitask_classifier.py
✅ 加载样本数: 14036
📚 标签类别数: type=8, brand=21, device=27
✅ 加载样本数: 28722
📚 标签类别数: type=8, brand=21, device=27
🚀 开始多任务训练...
Epoch 1/40: 100%|█████████████████████████████████████████████████████████████████████████████████████████████████| 220/220 [00:23<00:00,  9.21it/s]
✅ Epoch 1, Train Loss: 2.2742
✅ Epoch 1, Val Loss: 0.7786, Type Acc: 0.9320, Brand Acc: 0.9372, Device Acc: 0.8337
Epoch 2/40: 100%|█████████████████████████████████████████████████████████████████████████████████████████████████| 220/220 [00:24<00:00,  9.05it/s]
✅ Epoch 2, Train Loss: 0.9972
✅ Epoch 2, Val Loss: 0.6305, Type Acc: 0.9534, Brand Acc: 0.9524, Device Acc: 0.8715
Epoch 3/40: 100%|█████████████████████████████████████████████████████████████████████████████████████████████████| 220/220 [00:23<00:00,  9.42it/s]
✅ Epoch 3, Train Loss: 0.8570
✅ Epoch 3, Val Loss: 0.5439, Type Acc: 0.9643, Brand Acc: 0.9662, Device Acc: 0.8946
Epoch 4/40: 100%|█████████████████████████████████████████████████████████████████████████████████████████████████| 220/220 [00:23<00:00,  9.23it/s]
✅ Epoch 4, Train Loss: 0.7118
✅ Epoch 4, Val Loss: 0.4609, Type Acc: 0.9766, Brand Acc: 0.9758, Device Acc: 0.9003
Epoch 5/40: 100%|█████████████████████████████████████████████████████████████████████████████████████████████████| 220/220 [00:24<00:00,  9.12it/s]
✅ Epoch 5, Train Loss: 0.6721
✅ Epoch 5, Val Loss: 0.3602, Type Acc: 0.9839, Brand Acc: 0.9759, Device Acc: 0.8980
Epoch 6/40: 100%|█████████████████████████████████████████████████████████████████████████████████████████████████| 220/220 [00:24<00:00,  9.11it/s]
✅ Epoch 6, Train Loss: 0.6760
✅ Epoch 6, Val Loss: 0.5346, Type Acc: 0.9583, Brand Acc: 0.9554, Device Acc: 0.8755
Epoch 7/40: 100%|█████████████████████████████████████████████████████████████████████████████████████████████████| 220/220 [00:23<00:00,  9.26it/s]
✅ Epoch 7, Train Loss: 0.6449
✅ Epoch 7, Val Loss: 0.5115, Type Acc: 0.9632, Brand Acc: 0.9686, Device Acc: 0.8879
Epoch 8/40: 100%|█████████████████████████████████████████████████████████████████████████████████████████████████| 220/220 [00:23<00:00,  9.25it/s]
✅ Epoch 8, Train Loss: 0.6140
✅ Epoch 8, Val Loss: 0.4941, Type Acc: 0.9650, Brand Acc: 0.9625, Device Acc: 0.8829
Epoch 9/40: 100%|█████████████████████████████████████████████████████████████████████████████████████████████████| 220/220 [00:23<00:00,  9.20it/s]
✅ Epoch 9, Train Loss: 0.5690
✅ Epoch 9, Val Loss: 0.4031, Type Acc: 0.9778, Brand Acc: 0.9775, Device Acc: 0.8881
Epoch 10/40: 100%|████████████████████████████████████████████████████████████████████████████████████████████████| 220/220 [00:24<00:00,  9.07it/s]
✅ Epoch 10, Train Loss: 0.5400
✅ Epoch 10, Val Loss: 0.2834, Type Acc: 0.9854, Brand Acc: 0.9865, Device Acc: 0.9185
Epoch 11/40: 100%|████████████████████████████████████████████████████████████████████████████████████████████████| 220/220 [00:24<00:00,  8.87it/s]
✅ Epoch 11, Train Loss: 0.5138
✅ Epoch 11, Val Loss: 0.3946, Type Acc: 0.9802, Brand Acc: 0.9789, Device Acc: 0.8934
Epoch 12/40: 100%|████████████████████████████████████████████████████████████████████████████████████████████████| 220/220 [00:24<00:00,  9.09it/s]
✅ Epoch 12, Train Loss: 0.5330
✅ Epoch 12, Val Loss: 0.3287, Type Acc: 0.9817, Brand Acc: 0.9749, Device Acc: 0.9058
Epoch 13/40: 100%|████████████████████████████████████████████████████████████████████████████████████████████████| 220/220 [00:23<00:00,  9.47it/s]
✅ Epoch 13, Train Loss: 0.4902
✅ Epoch 13, Val Loss: 0.5256, Type Acc: 0.9734, Brand Acc: 0.9720, Device Acc: 0.9032
Epoch 14/40: 100%|████████████████████████████████████████████████████████████████████████████████████████████████| 220/220 [00:23<00:00,  9.38it/s]
✅ Epoch 14, Train Loss: 0.4819
✅ Epoch 14, Val Loss: 0.2600, Type Acc: 0.9874, Brand Acc: 0.9877, Device Acc: 0.9170
Epoch 15/40: 100%|████████████████████████████████████████████████████████████████████████████████████████████████| 220/220 [00:23<00:00,  9.21it/s]
✅ Epoch 15, Train Loss: 0.4666
✅ Epoch 15, Val Loss: 0.2925, Type Acc: 0.9886, Brand Acc: 0.9851, Device Acc: 0.9173
Epoch 16/40: 100%|████████████████████████████████████████████████████████████████████████████████████████████████| 220/220 [00:23<00:00,  9.27it/s]
✅ Epoch 16, Train Loss: 0.4430
✅ Epoch 16, Val Loss: 0.3582, Type Acc: 0.9749, Brand Acc: 0.9769, Device Acc: 0.9015
Epoch 17/40: 100%|████████████████████████████████████████████████████████████████████████████████████████████████| 220/220 [00:24<00:00,  9.15it/s]
✅ Epoch 17, Train Loss: 0.4497
✅ Epoch 17, Val Loss: 0.3218, Type Acc: 0.9867, Brand Acc: 0.9786, Device Acc: 0.9059
Epoch 18/40: 100%|████████████████████████████████████████████████████████████████████████████████████████████████| 220/220 [00:24<00:00,  8.98it/s]
✅ Epoch 18, Train Loss: 0.4242
✅ Epoch 18, Val Loss: 0.2458, Type Acc: 0.9914, Brand Acc: 0.9888, Device Acc: 0.9206
Epoch 19/40: 100%|████████████████████████████████████████████████████████████████████████████████████████████████| 220/220 [00:23<00:00,  9.43it/s]
✅ Epoch 19, Train Loss: 0.4007
✅ Epoch 19, Val Loss: 0.2626, Type Acc: 0.9876, Brand Acc: 0.9860, Device Acc: 0.9139
Epoch 20/40: 100%|████████████████████████████████████████████████████████████████████████████████████████████████| 220/220 [00:23<00:00,  9.37it/s]
✅ Epoch 20, Train Loss: 0.4140
✅ Epoch 20, Val Loss: 0.3186, Type Acc: 0.9823, Brand Acc: 0.9811, Device Acc: 0.9126
Epoch 21/40: 100%|████████████████████████████████████████████████████████████████████████████████████████████████| 220/220 [00:23<00:00,  9.39it/s]
✅ Epoch 21, Train Loss: 0.4048
✅ Epoch 21, Val Loss: 0.2649, Type Acc: 0.9916, Brand Acc: 0.9865, Device Acc: 0.9155
Epoch 22/40: 100%|████████████████████████████████████████████████████████████████████████████████████████████████| 220/220 [00:23<00:00,  9.24it/s]
✅ Epoch 22, Train Loss: 0.3795
✅ Epoch 22, Val Loss: 0.5176, Type Acc: 0.9727, Brand Acc: 0.9598, Device Acc: 0.8782
Epoch 23/40: 100%|████████████████████████████████████████████████████████████████████████████████████████████████| 220/220 [00:23<00:00,  9.27it/s]
✅ Epoch 23, Train Loss: 0.3822
✅ Epoch 23, Val Loss: 0.2646, Type Acc: 0.9905, Brand Acc: 0.9860, Device Acc: 0.9105
Epoch 24/40: 100%|████████████████████████████████████████████████████████████████████████████████████████████████| 220/220 [00:23<00:00,  9.28it/s]
✅ Epoch 24, Train Loss: 0.3889
✅ Epoch 24, Val Loss: 0.2555, Type Acc: 0.9898, Brand Acc: 0.9837, Device Acc: 0.9140
Epoch 25/40: 100%|████████████████████████████████████████████████████████████████████████████████████████████████| 220/220 [00:23<00:00,  9.29it/s]
✅ Epoch 25, Train Loss: 0.3729
✅ Epoch 25, Val Loss: 0.2591, Type Acc: 0.9912, Brand Acc: 0.9854, Device Acc: 0.9065
Epoch 26/40: 100%|████████████████████████████████████████████████████████████████████████████████████████████████| 220/220 [00:24<00:00,  9.12it/s]
✅ Epoch 26, Train Loss: 0.3437
✅ Epoch 26, Val Loss: 0.2430, Type Acc: 0.9926, Brand Acc: 0.9898, Device Acc: 0.9082
Epoch 27/40: 100%|████████████████████████████████████████████████████████████████████████████████████████████████| 220/220 [00:24<00:00,  9.04it/s]
✅ Epoch 27, Train Loss: 0.3395
✅ Epoch 27, Val Loss: 0.2588, Type Acc: 0.9901, Brand Acc: 0.9887, Device Acc: 0.9196
Epoch 28/40: 100%|████████████████████████████████████████████████████████████████████████████████████████████████| 220/220 [00:24<00:00,  9.09it/s]
✅ Epoch 28, Train Loss: 0.3434
✅ Epoch 28, Val Loss: 0.2372, Type Acc: 0.9932, Brand Acc: 0.9852, Device Acc: 0.9184
Epoch 29/40: 100%|████████████████████████████████████████████████████████████████████████████████████████████████| 220/220 [00:24<00:00,  8.98it/s]
✅ Epoch 29, Train Loss: 0.3458
✅ Epoch 29, Val Loss: 0.2410, Type Acc: 0.9910, Brand Acc: 0.9901, Device Acc: 0.9227
Epoch 30/40: 100%|████████████████████████████████████████████████████████████████████████████████████████████████| 220/220 [00:23<00:00,  9.25it/s]
✅ Epoch 30, Train Loss: 0.3369
✅ Epoch 30, Val Loss: 0.2341, Type Acc: 0.9924, Brand Acc: 0.9866, Device Acc: 0.9246
Epoch 31/40: 100%|████████████████████████████████████████████████████████████████████████████████████████████████| 220/220 [00:24<00:00,  9.13it/s]
✅ Epoch 31, Train Loss: 0.2916
✅ Epoch 31, Val Loss: 0.2413, Type Acc: 0.9903, Brand Acc: 0.9869, Device Acc: 0.9176
Epoch 32/40: 100%|████████████████████████████████████████████████████████████████████████████████████████████████| 220/220 [00:24<00:00,  9.01it/s]
✅ Epoch 32, Train Loss: 0.3138
✅ Epoch 32, Val Loss: 0.2041, Type Acc: 0.9922, Brand Acc: 0.9916, Device Acc: 0.9440
Epoch 33/40: 100%|████████████████████████████████████████████████████████████████████████████████████████████████| 220/220 [00:24<00:00,  9.10it/s]
✅ Epoch 33, Train Loss: 0.3200
✅ Epoch 33, Val Loss: 0.2452, Type Acc: 0.9925, Brand Acc: 0.9865, Device Acc: 0.9267
Epoch 34/40: 100%|████████████████████████████████████████████████████████████████████████████████████████████████| 220/220 [00:24<00:00,  8.94it/s]
✅ Epoch 34, Train Loss: 0.3132
✅ Epoch 34, Val Loss: 0.3099, Type Acc: 0.9820, Brand Acc: 0.9830, Device Acc: 0.9179
Epoch 35/40: 100%|████████████████████████████████████████████████████████████████████████████████████████████████| 220/220 [00:24<00:00,  9.12it/s]
✅ Epoch 35, Train Loss: 0.3006
✅ Epoch 35, Val Loss: 0.2371, Type Acc: 0.9894, Brand Acc: 0.9891, Device Acc: 0.9411
Epoch 36/40: 100%|████████████████████████████████████████████████████████████████████████████████████████████████| 220/220 [00:23<00:00,  9.24it/s]
✅ Epoch 36, Train Loss: 0.2865
✅ Epoch 36, Val Loss: 0.2555, Type Acc: 0.9912, Brand Acc: 0.9908, Device Acc: 0.9152
Epoch 37/40: 100%|████████████████████████████████████████████████████████████████████████████████████████████████| 220/220 [00:24<00:00,  9.13it/s]
✅ Epoch 37, Train Loss: 0.2996
✅ Epoch 37, Val Loss: 0.3028, Type Acc: 0.9877, Brand Acc: 0.9834, Device Acc: 0.9149
Epoch 38/40: 100%|████████████████████████████████████████████████████████████████████████████████████████████████| 220/220 [00:23<00:00,  9.20it/s]
✅ Epoch 38, Train Loss: 0.2930
✅ Epoch 38, Val Loss: 0.2897, Type Acc: 0.9866, Brand Acc: 0.9831, Device Acc: 0.9247
Epoch 39/40: 100%|████████████████████████████████████████████████████████████████████████████████████████████████| 220/220 [00:23<00:00,  9.38it/s]
✅ Epoch 39, Train Loss: 0.2817
✅ Epoch 39, Val Loss: 0.2224, Type Acc: 0.9913, Brand Acc: 0.9901, Device Acc: 0.9379
Epoch 40/40: 100%|████████████████████████████████████████████████████████████████████████████████████████████████| 220/220 [00:23<00:00,  9.31it/s]
✅ Epoch 40, Train Loss: 0.2691
✅ Epoch 40, Val Loss: 0.2140, Type Acc: 0.9932, Brand Acc: 0.9923, Device Acc: 0.9285
✔️ 模型已保存至: /home/hyj/unknownDeviceIdentification/dataset/11_multitask_training/uk/optimized_multitask_model.pt