(iot) (base) hyj@csu424:~/unknownDeviceIdentification$ /home/hyj/.conda/envs/iot/bin/python /home/hyj/unknownDeviceIdentification/supervisedClassification/2_optimized_train_multitask_classifier.py
✅ 加载样本数: 14036
📚 标签类别数: type=8, brand=21, device=27
✅ 加载样本数: 28722
📚 标签类别数: type=8, brand=21, device=27
🚀 开始多任务训练...
Epoch 1/40: 100%|█████████████████████████████████████████████████████████████████████████████████████████████████| 220/220 [00:23<00:00,  9.21it/s]
✅ Epoch 1, Train Loss: 2.2742
✅ Epoch 1, Val Loss: 0.7786, Type Acc: 0.9320, Brand Acc: 0.9372, Device Acc: 0.8337
Epoch 2/40: 100%|█████████████████████████████████████████████████████████████████████████████████████████████████| 220/220 [00:24<00:00,  9.05it/s]
✅ Epoch 2, Train Loss: 0.9972
✅ Epoch 2, Val Loss: 0.6305, Type Acc: 0.9534, Brand Acc: 0.9524, Device Acc: 0.8715
Epoch 3/40: 100%|█████████████████████████████████████████████████████████████████████████████████████████████████| 220/220 [00:23<00:00,  9.42it/s]
✅ Epoch 3, Train Loss: 0.8570
✅ Epoch 3, Val Loss: 0.5439, Type Acc: 0.9643, Brand Acc: 0.9662, Device Acc: 0.8946
Epoch 4/40: 100%|█████████████████████████████████████████████████████████████████████████████████████████████████| 220/220 [00:23<00:00,  9.23it/s]
✅ Epoch 4, Train Loss: 0.7118
✅ Epoch 4, Val Loss: 0.4609, Type Acc: 0.9766, Brand Acc: 0.9758, Device Acc: 0.9003
Epoch 5/40: 100%|█████████████████████████████████████████████████████████████████████████████████████████████████| 220/220 [00:24<00:00,  9.12it/s]
✅ Epoch 5, Train Loss: 0.6721
✅ Epoch 5, Val Loss: 0.3602, Type Acc: 0.9839, Brand Acc: 0.9759, Device Acc: 0.8980
Epoch 6/40: 100%|█████████████████████████████████████████████████████████████████████████████████████████████████| 220/220 [00:24<00:00,  9.11it/s]
✅ Epoch 6, Train Loss: 0.6760
✅ Epoch 6, Val Loss: 0.5346, Type Acc: 0.9583, Brand Acc: 0.9554, Device Acc: 0.8755
Epoch 7/40: 100%|█████████████████████████████████████████████████████████████████████████████████████████████████| 220/220 [00:23<00:00,  9.26it/s]
✅ Epoch 7, Train Loss: 0.6449
✅ Epoch 7, Val Loss: 0.5115, Type Acc: 0.9632, Brand Acc: 0.9686, Device Acc: 0.8879
Epoch 8/40: 100%|█████████████████████████████████████████████████████████████████████████████████████████████████| 220/220 [00:23<00:00,  9.25it/s]
✅ Epoch 8, Train Loss: 0.6140
✅ Epoch 8, Val Loss: 0.4941, Type Acc: 0.9650, Brand Acc: 0.9625, Device Acc: 0.8829
Epoch 9/40: 100%|█████████████████████████████████████████████████████████████████████████████████████████████████| 220/220 [00:23<00:00,  9.20it/s]
✅ Epoch 9, Train Loss: 0.5690
✅ Epoch 9, Val Loss: 0.4031, Type Acc: 0.9778, Brand Acc: 0.9775, Device Acc: 0.8881
Epoch 10/40: 100%|████████████████████████████████████████████████████████████████████████████████████████████████| 220/220 [00:24<00:00,  9.07it/s]
✅ Epoch 10, Train Loss: 0.5400
✅ Epoch 10, Val Loss: 0.2834, Type Acc: 0.9854, Brand Acc: 0.9865, Device Acc: 0.9185
Epoch 11/40: 100%|████████████████████████████████████████████████████████████████████████████████████████████████| 220/220 [00:24<00:00,  8.87it/s]
✅ Epoch 11, Train Loss: 0.5138
✅ Epoch 11, Val Loss: 0.3946, Type Acc: 0.9802, Brand Acc: 0.9789, Device Acc: 0.8934
Epoch 12/40: 100%|████████████████████████████████████████████████████████████████████████████████████████████████| 220/220 [00:24<00:00,  9.09it/s]
✅ Epoch 12, Train Loss: 0.5330
✅ Epoch 12, Val Loss: 0.3287, Type Acc: 0.9817, Brand Acc: 0.9749, Device Acc: 0.9058
Epoch 13/40: 100%|████████████████████████████████████████████████████████████████████████████████████████████████| 220/220 [00:23<00:00,  9.47it/s]
✅ Epoch 13, Train Loss: 0.4902
✅ Epoch 13, Val Loss: 0.5256, Type Acc: 0.9734, Brand Acc: 0.9720, Device Acc: 0.9032
Epoch 14/40: 100%|████████████████████████████████████████████████████████████████████████████████████████████████| 220/220 [00:23<00:00,  9.38it/s]
✅ Epoch 14, Train Loss: 0.4819
✅ Epoch 14, Val Loss: 0.2600, Type Acc: 0.9874, Brand Acc: 0.9877, Device Acc: 0.9170
Epoch 15/40: 100%|████████████████████████████████████████████████████████████████████████████████████████████████| 220/220 [00:23<00:00,  9.21it/s]
✅ Epoch 15, Train Loss: 0.4666
✅ Epoch 15, Val Loss: 0.2925, Type Acc: 0.9886, Brand Acc: 0.9851, Device Acc: 0.9173
Epoch 16/40: 100%|████████████████████████████████████████████████████████████████████████████████████████████████| 220/220 [00:23<00:00,  9.27it/s]
✅ Epoch 16, Train Loss: 0.4430
✅ Epoch 16, Val Loss: 0.3582, Type Acc: 0.9749, Brand Acc: 0.9769, Device Acc: 0.9015
Epoch 17/40: 100%|████████████████████████████████████████████████████████████████████████████████████████████████| 220/220 [00:24<00:00,  9.15it/s]
✅ Epoch 17, Train Loss: 0.4497
✅ Epoch 17, Val Loss: 0.3218, Type Acc: 0.9867, Brand Acc: 0.9786, Device Acc: 0.9059
Epoch 18/40: 100%|████████████████████████████████████████████████████████████████████████████████████████████████| 220/220 [00:24<00:00,  8.98it/s]
✅ Epoch 18, Train Loss: 0.4242
✅ Epoch 18, Val Loss: 0.2458, Type Acc: 0.9914, Brand Acc: 0.9888, Device Acc: 0.9206
Epoch 19/40: 100%|████████████████████████████████████████████████████████████████████████████████████████████████| 220/220 [00:23<00:00,  9.43it/s]
✅ Epoch 19, Train Loss: 0.4007
✅ Epoch 19, Val Loss: 0.2626, Type Acc: 0.9876, Brand Acc: 0.9860, Device Acc: 0.9139
Epoch 20/40: 100%|████████████████████████████████████████████████████████████████████████████████████████████████| 220/220 [00:23<00:00,  9.37it/s]
✅ Epoch 20, Train Loss: 0.4140
✅ Epoch 20, Val Loss: 0.3186, Type Acc: 0.9823, Brand Acc: 0.9811, Device Acc: 0.9126
Epoch 21/40: 100%|████████████████████████████████████████████████████████████████████████████████████████████████| 220/220 [00:23<00:00,  9.39it/s]
✅ Epoch 21, Train Loss: 0.4048
✅ Epoch 21, Val Loss: 0.2649, Type Acc: 0.9916, Brand Acc: 0.9865, Device Acc: 0.9155
Epoch 22/40: 100%|████████████████████████████████████████████████████████████████████████████████████████████████| 220/220 [00:23<00:00,  9.24it/s]
✅ Epoch 22, Train Loss: 0.3795
✅ Epoch 22, Val Loss: 0.5176, Type Acc: 0.9727, Brand Acc: 0.9598, Device Acc: 0.8782
Epoch 23/40: 100%|████████████████████████████████████████████████████████████████████████████████████████████████| 220/220 [00:23<00:00,  9.27it/s]
✅ Epoch 23, Train Loss: 0.3822
✅ Epoch 23, Val Loss: 0.2646, Type Acc: 0.9905, Brand Acc: 0.9860, Device Acc: 0.9105
Epoch 24/40: 100%|████████████████████████████████████████████████████████████████████████████████████████████████| 220/220 [00:23<00:00,  9.28it/s]
✅ Epoch 24, Train Loss: 0.3889
✅ Epoch 24, Val Loss: 0.2555, Type Acc: 0.9898, Brand Acc: 0.9837, Device Acc: 0.9140
Epoch 25/40: 100%|████████████████████████████████████████████████████████████████████████████████████████████████| 220/220 [00:23<00:00,  9.29it/s]
✅ Epoch 25, Train Loss: 0.3729
✅ Epoch 25, Val Loss: 0.2591, Type Acc: 0.9912, Brand Acc: 0.9854, Device Acc: 0.9065
Epoch 26/40: 100%|████████████████████████████████████████████████████████████████████████████████████████████████| 220/220 [00:24<00:00,  9.12it/s]
✅ Epoch 26, Train Loss: 0.3437
✅ Epoch 26, Val Loss: 0.2430, Type Acc: 0.9926, Brand Acc: 0.9898, Device Acc: 0.9082
Epoch 27/40: 100%|████████████████████████████████████████████████████████████████████████████████████████████████| 220/220 [00:24<00:00,  9.04it/s]
✅ Epoch 27, Train Loss: 0.3395
✅ Epoch 27, Val Loss: 0.2588, Type Acc: 0.9901, Brand Acc: 0.9887, Device Acc: 0.9196
Epoch 28/40: 100%|████████████████████████████████████████████████████████████████████████████████████████████████| 220/220 [00:24<00:00,  9.09it/s]
✅ Epoch 28, Train Loss: 0.3434
✅ Epoch 28, Val Loss: 0.2372, Type Acc: 0.9932, Brand Acc: 0.9852, Device Acc: 0.9184
Epoch 29/40: 100%|████████████████████████████████████████████████████████████████████████████████████████████████| 220/220 [00:24<00:00,  8.98it/s]
✅ Epoch 29, Train Loss: 0.3458
✅ Epoch 29, Val Loss: 0.2410, Type Acc: 0.9910, Brand Acc: 0.9901, Device Acc: 0.9227
Epoch 30/40: 100%|████████████████████████████████████████████████████████████████████████████████████████████████| 220/220 [00:23<00:00,  9.25it/s]
✅ Epoch 30, Train Loss: 0.3369
✅ Epoch 30, Val Loss: 0.2341, Type Acc: 0.9924, Brand Acc: 0.9866, Device Acc: 0.9246
Epoch 31/40: 100%|████████████████████████████████████████████████████████████████████████████████████████████████| 220/220 [00:24<00:00,  9.13it/s]
✅ Epoch 31, Train Loss: 0.2916
✅ Epoch 31, Val Loss: 0.2413, Type Acc: 0.9903, Brand Acc: 0.9869, Device Acc: 0.9176
Epoch 32/40: 100%|████████████████████████████████████████████████████████████████████████████████████████████████| 220/220 [00:24<00:00,  9.01it/s]
✅ Epoch 32, Train Loss: 0.3138
✅ Epoch 32, Val Loss: 0.2041, Type Acc: 0.9922, Brand Acc: 0.9916, Device Acc: 0.9440
Epoch 33/40: 100%|████████████████████████████████████████████████████████████████████████████████████████████████| 220/220 [00:24<00:00,  9.10it/s]
✅ Epoch 33, Train Loss: 0.3200
✅ Epoch 33, Val Loss: 0.2452, Type Acc: 0.9925, Brand Acc: 0.9865, Device Acc: 0.9267
Epoch 34/40: 100%|████████████████████████████████████████████████████████████████████████████████████████████████| 220/220 [00:24<00:00,  8.94it/s]
✅ Epoch 34, Train Loss: 0.3132
✅ Epoch 34, Val Loss: 0.3099, Type Acc: 0.9820, Brand Acc: 0.9830, Device Acc: 0.9179
Epoch 35/40: 100%|████████████████████████████████████████████████████████████████████████████████████████████████| 220/220 [00:24<00:00,  9.12it/s]
✅ Epoch 35, Train Loss: 0.3006
✅ Epoch 35, Val Loss: 0.2371, Type Acc: 0.9894, Brand Acc: 0.9891, Device Acc: 0.9411
Epoch 36/40: 100%|████████████████████████████████████████████████████████████████████████████████████████████████| 220/220 [00:23<00:00,  9.24it/s]
✅ Epoch 36, Train Loss: 0.2865
✅ Epoch 36, Val Loss: 0.2555, Type Acc: 0.9912, Brand Acc: 0.9908, Device Acc: 0.9152
Epoch 37/40: 100%|████████████████████████████████████████████████████████████████████████████████████████████████| 220/220 [00:24<00:00,  9.13it/s]
✅ Epoch 37, Train Loss: 0.2996
✅ Epoch 37, Val Loss: 0.3028, Type Acc: 0.9877, Brand Acc: 0.9834, Device Acc: 0.9149
Epoch 38/40: 100%|████████████████████████████████████████████████████████████████████████████████████████████████| 220/220 [00:23<00:00,  9.20it/s]
✅ Epoch 38, Train Loss: 0.2930
✅ Epoch 38, Val Loss: 0.2897, Type Acc: 0.9866, Brand Acc: 0.9831, Device Acc: 0.9247
Epoch 39/40: 100%|████████████████████████████████████████████████████████████████████████████████████████████████| 220/220 [00:23<00:00,  9.38it/s]
✅ Epoch 39, Train Loss: 0.2817
✅ Epoch 39, Val Loss: 0.2224, Type Acc: 0.9913, Brand Acc: 0.9901, Device Acc: 0.9379
Epoch 40/40: 100%|████████████████████████████████████████████████████████████████████████████████████████████████| 220/220 [00:23<00:00,  9.31it/s]
✅ Epoch 40, Train Loss: 0.2691
✅ Epoch 40, Val Loss: 0.2140, Type Acc: 0.9932, Brand Acc: 0.9923, Device Acc: 0.9285
✔️ 模型已保存至: /home/hyj/unknownDeviceIdentification/dataset/11_multitask_training/uk/optimized_multitask_model.pt



(iot) hyj@csu424:~/unknownDeviceIdentification$ /home/hyj/.conda/envs/iot/bin/python /home/hyj/unknownDeviceIdentification/supervisedClassification/2_optimized_train_multitask_classifier.py
✅ 加载样本数: 13967
📚 标签类别数: type=8, brand=21, device=27
✅ 加载样本数: 26511
📚 标签类别数: type=8, brand=21, device=27
🚀 开始多任务训练...
Epoch 1/40: 100%|██████████████████████████████████████████████████████████████████████████████████████████████████████████| 219/219 [00:34<00:00,  6.33it/s]
✅ Epoch 1, Train Loss: 1.7533
✅ Epoch 1, Val Loss: 0.5740, Type Acc: 0.9519, Brand Acc: 0.9523, Device Acc: 0.9007
Epoch 2/40: 100%|██████████████████████████████████████████████████████████████████████████████████████████████████████████| 219/219 [00:24<00:00,  8.80it/s]
✅ Epoch 2, Train Loss: 0.7359
✅ Epoch 2, Val Loss: 0.4535, Type Acc: 0.9701, Brand Acc: 0.9609, Device Acc: 0.9113
Epoch 3/40: 100%|██████████████████████████████████████████████████████████████████████████████████████████████████████████| 219/219 [00:25<00:00,  8.70it/s]
✅ Epoch 3, Train Loss: 0.6405
✅ Epoch 3, Val Loss: 0.2435, Type Acc: 0.9869, Brand Acc: 0.9857, Device Acc: 0.9273
Epoch 4/40: 100%|██████████████████████████████████████████████████████████████████████████████████████████████████████████| 219/219 [00:24<00:00,  8.85it/s]
✅ Epoch 4, Train Loss: 0.5372
✅ Epoch 4, Val Loss: 0.3445, Type Acc: 0.9790, Brand Acc: 0.9773, Device Acc: 0.9257
Epoch 5/40: 100%|██████████████████████████████████████████████████████████████████████████████████████████████████████████| 219/219 [00:24<00:00,  8.90it/s]
✅ Epoch 5, Train Loss: 0.4884
✅ Epoch 5, Val Loss: 0.2928, Type Acc: 0.9838, Brand Acc: 0.9804, Device Acc: 0.9267
Epoch 6/40: 100%|██████████████████████████████████████████████████████████████████████████████████████████████████████████| 219/219 [00:24<00:00,  8.94it/s]
✅ Epoch 6, Train Loss: 0.5121
✅ Epoch 6, Val Loss: 0.3064, Type Acc: 0.9874, Brand Acc: 0.9746, Device Acc: 0.9249
Epoch 7/40: 100%|██████████████████████████████████████████████████████████████████████████████████████████████████████████| 219/219 [00:24<00:00,  8.89it/s]
✅ Epoch 7, Train Loss: 0.4396
✅ Epoch 7, Val Loss: 0.2627, Type Acc: 0.9877, Brand Acc: 0.9868, Device Acc: 0.9401
Epoch 8/40: 100%|██████████████████████████████████████████████████████████████████████████████████████████████████████████| 219/219 [00:24<00:00,  8.97it/s]
✅ Epoch 8, Train Loss: 0.4240
✅ Epoch 8, Val Loss: 0.2948, Type Acc: 0.9892, Brand Acc: 0.9771, Device Acc: 0.9276
Epoch 9/40: 100%|██████████████████████████████████████████████████████████████████████████████████████████████████████████| 219/219 [00:24<00:00,  8.85it/s]
✅ Epoch 9, Train Loss: 0.4042
✅ Epoch 9, Val Loss: 0.3999, Type Acc: 0.9799, Brand Acc: 0.9679, Device Acc: 0.9108
Epoch 10/40: 100%|█████████████████████████████████████████████████████████████████████████████████████████████████████████| 219/219 [00:25<00:00,  8.72it/s]
✅ Epoch 10, Train Loss: 0.3583
✅ Epoch 10, Val Loss: 0.2401, Type Acc: 0.9856, Brand Acc: 0.9865, Device Acc: 0.9325
Epoch 11/40: 100%|█████████████████████████████████████████████████████████████████████████████████████████████████████████| 219/219 [00:24<00:00,  8.86it/s]
✅ Epoch 11, Train Loss: 0.3698
✅ Epoch 11, Val Loss: 0.1991, Type Acc: 0.9903, Brand Acc: 0.9897, Device Acc: 0.9383
Epoch 12/40: 100%|█████████████████████████████████████████████████████████████████████████████████████████████████████████| 219/219 [00:24<00:00,  8.99it/s]
✅ Epoch 12, Train Loss: 0.3155
✅ Epoch 12, Val Loss: 0.2169, Type Acc: 0.9891, Brand Acc: 0.9898, Device Acc: 0.9388
Epoch 13/40: 100%|█████████████████████████████████████████████████████████████████████████████████████████████████████████| 219/219 [00:24<00:00,  8.95it/s]
✅ Epoch 13, Train Loss: 0.3304
✅ Epoch 13, Val Loss: 0.4135, Type Acc: 0.9740, Brand Acc: 0.9689, Device Acc: 0.9177
Epoch 14/40: 100%|█████████████████████████████████████████████████████████████████████████████████████████████████████████| 219/219 [00:24<00:00,  8.95it/s]
✅ Epoch 14, Train Loss: 0.3639
✅ Epoch 14, Val Loss: 0.2294, Type Acc: 0.9862, Brand Acc: 0.9873, Device Acc: 0.9345
Epoch 15/40: 100%|█████████████████████████████████████████████████████████████████████████████████████████████████████████| 219/219 [00:24<00:00,  8.91it/s]
✅ Epoch 15, Train Loss: 0.2951
✅ Epoch 15, Val Loss: 0.2271, Type Acc: 0.9896, Brand Acc: 0.9885, Device Acc: 0.9373
Epoch 16/40: 100%|█████████████████████████████████████████████████████████████████████████████████████████████████████████| 219/219 [00:24<00:00,  8.88it/s]
✅ Epoch 16, Train Loss: 0.2882
✅ Epoch 16, Val Loss: 0.2008, Type Acc: 0.9943, Brand Acc: 0.9794, Device Acc: 0.9410
Epoch 17/40: 100%|█████████████████████████████████████████████████████████████████████████████████████████████████████████| 219/219 [00:24<00:00,  8.86it/s]
✅ Epoch 17, Train Loss: 0.3105
✅ Epoch 17, Val Loss: 0.1621, Type Acc: 0.9937, Brand Acc: 0.9925, Device Acc: 0.9440
Epoch 18/40: 100%|█████████████████████████████████████████████████████████████████████████████████████████████████████████| 219/219 [00:24<00:00,  8.89it/s]
✅ Epoch 18, Train Loss: 0.2591
✅ Epoch 18, Val Loss: 0.4843, Type Acc: 0.9734, Brand Acc: 0.9715, Device Acc: 0.9115
Epoch 19/40: 100%|█████████████████████████████████████████████████████████████████████████████████████████████████████████| 219/219 [00:24<00:00,  8.93it/s]
✅ Epoch 19, Train Loss: 0.2787
✅ Epoch 19, Val Loss: 0.3163, Type Acc: 0.9783, Brand Acc: 0.9659, Device Acc: 0.9221
Epoch 20/40: 100%|█████████████████████████████████████████████████████████████████████████████████████████████████████████| 219/219 [00:24<00:00,  9.06it/s]
✅ Epoch 20, Train Loss: 0.2599
✅ Epoch 20, Val Loss: 0.1491, Type Acc: 0.9946, Brand Acc: 0.9938, Device Acc: 0.9462
Epoch 21/40: 100%|█████████████████████████████████████████████████████████████████████████████████████████████████████████| 219/219 [00:24<00:00,  9.02it/s]
✅ Epoch 21, Train Loss: 0.2564
✅ Epoch 21, Val Loss: 0.1759, Type Acc: 0.9927, Brand Acc: 0.9916, Device Acc: 0.9467
Epoch 22/40: 100%|█████████████████████████████████████████████████████████████████████████████████████████████████████████| 219/219 [00:23<00:00,  9.13it/s]
✅ Epoch 22, Train Loss: 0.2377
✅ Epoch 22, Val Loss: 0.1607, Type Acc: 0.9943, Brand Acc: 0.9933, Device Acc: 0.9504
Epoch 23/40: 100%|█████████████████████████████████████████████████████████████████████████████████████████████████████████| 219/219 [00:24<00:00,  8.91it/s]
✅ Epoch 23, Train Loss: 0.2420
✅ Epoch 23, Val Loss: 0.2171, Type Acc: 0.9918, Brand Acc: 0.9894, Device Acc: 0.9449
Epoch 24/40: 100%|█████████████████████████████████████████████████████████████████████████████████████████████████████████| 219/219 [00:24<00:00,  8.93it/s]
✅ Epoch 24, Train Loss: 0.2495
✅ Epoch 24, Val Loss: 0.3149, Type Acc: 0.9836, Brand Acc: 0.9822, Device Acc: 0.9450
Epoch 25/40: 100%|█████████████████████████████████████████████████████████████████████████████████████████████████████████| 219/219 [00:24<00:00,  8.84it/s]
✅ Epoch 25, Train Loss: 0.2068
✅ Epoch 25, Val Loss: 0.1517, Type Acc: 0.9942, Brand Acc: 0.9939, Device Acc: 0.9509
Epoch 26/40: 100%|█████████████████████████████████████████████████████████████████████████████████████████████████████████| 219/219 [00:24<00:00,  8.95it/s]
✅ Epoch 26, Train Loss: 0.2132
✅ Epoch 26, Val Loss: 0.2864, Type Acc: 0.9859, Brand Acc: 0.9859, Device Acc: 0.9297
Epoch 27/40: 100%|█████████████████████████████████████████████████████████████████████████████████████████████████████████| 219/219 [00:24<00:00,  9.07it/s]
✅ Epoch 27, Train Loss: 0.2376
✅ Epoch 27, Val Loss: 0.2075, Type Acc: 0.9907, Brand Acc: 0.9887, Device Acc: 0.9387
Epoch 28/40: 100%|█████████████████████████████████████████████████████████████████████████████████████████████████████████| 219/219 [00:24<00:00,  9.07it/s]
✅ Epoch 28, Train Loss: 0.2039
✅ Epoch 28, Val Loss: 0.1525, Type Acc: 0.9939, Brand Acc: 0.9943, Device Acc: 0.9469
Epoch 29/40: 100%|█████████████████████████████████████████████████████████████████████████████████████████████████████████| 219/219 [00:24<00:00,  8.99it/s]
✅ Epoch 29, Train Loss: 0.2405
✅ Epoch 29, Val Loss: 0.1863, Type Acc: 0.9901, Brand Acc: 0.9916, Device Acc: 0.9440
Epoch 30/40: 100%|█████████████████████████████████████████████████████████████████████████████████████████████████████████| 219/219 [00:24<00:00,  9.08it/s]
✅ Epoch 30, Train Loss: 0.1939
✅ Epoch 30, Val Loss: 0.1409, Type Acc: 0.9960, Brand Acc: 0.9952, Device Acc: 0.9568
Epoch 31/40: 100%|█████████████████████████████████████████████████████████████████████████████████████████████████████████| 219/219 [00:24<00:00,  9.11it/s]
✅ Epoch 31, Train Loss: 0.2143
✅ Epoch 31, Val Loss: 0.1905, Type Acc: 0.9939, Brand Acc: 0.9923, Device Acc: 0.9493
Epoch 32/40: 100%|█████████████████████████████████████████████████████████████████████████████████████████████████████████| 219/219 [00:24<00:00,  8.98it/s]
✅ Epoch 32, Train Loss: 0.1801
✅ Epoch 32, Val Loss: 0.2426, Type Acc: 0.9873, Brand Acc: 0.9851, Device Acc: 0.9360
Epoch 33/40: 100%|█████████████████████████████████████████████████████████████████████████████████████████████████████████| 219/219 [00:24<00:00,  8.95it/s]
✅ Epoch 33, Train Loss: 0.1777
✅ Epoch 33, Val Loss: 0.1326, Type Acc: 0.9959, Brand Acc: 0.9957, Device Acc: 0.9549
Epoch 34/40: 100%|█████████████████████████████████████████████████████████████████████████████████████████████████████████| 219/219 [00:24<00:00,  8.93it/s]
✅ Epoch 34, Train Loss: 0.1667
✅ Epoch 34, Val Loss: 0.1471, Type Acc: 0.9957, Brand Acc: 0.9948, Device Acc: 0.9533
Epoch 35/40: 100%|█████████████████████████████████████████████████████████████████████████████████████████████████████████| 219/219 [00:24<00:00,  8.98it/s]
✅ Epoch 35, Train Loss: 0.1743
✅ Epoch 35, Val Loss: 0.2115, Type Acc: 0.9895, Brand Acc: 0.9873, Device Acc: 0.9475
Epoch 36/40: 100%|█████████████████████████████████████████████████████████████████████████████████████████████████████████| 219/219 [00:24<00:00,  8.96it/s]
✅ Epoch 36, Train Loss: 0.1701
✅ Epoch 36, Val Loss: 0.1581, Type Acc: 0.9950, Brand Acc: 0.9935, Device Acc: 0.9442
Epoch 37/40: 100%|█████████████████████████████████████████████████████████████████████████████████████████████████████████| 219/219 [00:24<00:00,  8.99it/s]
✅ Epoch 37, Train Loss: 0.1694
✅ Epoch 37, Val Loss: 0.1358, Type Acc: 0.9967, Brand Acc: 0.9955, Device Acc: 0.9485
Epoch 38/40: 100%|█████████████████████████████████████████████████████████████████████████████████████████████████████████| 219/219 [00:23<00:00,  9.17it/s]
✅ Epoch 38, Train Loss: 0.1647
✅ Epoch 38, Val Loss: 0.2151, Type Acc: 0.9920, Brand Acc: 0.9914, Device Acc: 0.9401
Epoch 39/40: 100%|█████████████████████████████████████████████████████████████████████████████████████████████████████████| 219/219 [00:24<00:00,  9.12it/s]
✅ Epoch 39, Train Loss: 0.1706
✅ Epoch 39, Val Loss: 0.1698, Type Acc: 0.9944, Brand Acc: 0.9929, Device Acc: 0.9532
Epoch 40/40: 100%|█████████████████████████████████████████████████████████████████████████████████████████████████████████| 219/219 [00:24<00:00,  9.09it/s]
✅ Epoch 40, Train Loss: 0.1611
✅ Epoch 40, Val Loss: 0.1529, Type Acc: 0.9960, Brand Acc: 0.9948, Device Acc: 0.9550
✔️ 模型已保存至: /home/hyj/unknownDeviceIdentification/dataset/11_multitask_training/uk/2_optimized_multitask_model.pt



(iot) hyj@csu424:~/unknownDeviceIdentification$ /home/hyj/.conda/envs/iot/bin/python /home/hyj/unknownDeviceIdentification/supervisedClassification/2_optimized_train_multitask_classifier.py
✅ 加载样本数: 14073
📚 标签类别数: type=8, brand=21, device=27
✅ 加载样本数: 26964
📚 标签类别数: type=8, brand=21, device=27
🚀 开始多任务训练...
Epoch 1/40:   6%|███████                                                                                                              Epoch 1/40:   6%|███████▋                                                                                                             Epoch 1/40:   7%|████████▏                                                                                                            Epoch 1/40:   7%|████████▋                                                                                                            Epoch 1/40:   8%|█████████▎                                                                                                           Epoch 1/40:   8%|█████████▊                                                                                                           Epoch 1/40:   9%|██████████▎                                                                                                          Epoch 1/40:   9%|██████████▉                                                                                                          Epoch 1/40:  10%|███████████▍                                                                                                         Epoch 1/40:  10%|████████████                                                                                                         Epoch 1/40:  10%|████████████▌                                                                                                        Epoch 1/40:  11%|█████████████                                                                                                        Epoch 1/40:  11%|█████████████▋                                                                                                       Epoch 1/40:  12%|██████████████▏                                                                                                      Epoch 1/40:  12%|██████████████▋                                                                                                      Epoch 1/40:  13%|███████████████▎                                                                                                     Epoch 1/40:  13%|███████████████▊                                                                                                     Epoch 1/40:  14%|████████████████▎                                                                                                    Epoch 1/40:  14%|████████████████▉                                                                                                    Epoch 1/40:  15%|█████████████████▍                                                                                                   Epoch 1/40:  15%|██████████████████                                                                                                   Epoch 1/40:  15%|██████████████████▌                                                                                                  Epoch 1/40:  16%|███████████████████                                                                                                  Epoch 1/40:  16%|███████████████████▋                                                                                                 Epoch 1/40:  17%|████████████████████▏                                                                                                Epoch 1/40:  17%|████████████████████▋                                                                                                Epoch 1/40:  18%|█████████████████████▎                                                                                               Epoch 1/40:  18%|█████████████████████▊                                                                                               Epoch 1/40:  19%|██████████████████████▎                                                                                              Epoch 1/40:  19%|██████████████████████▉                                                                                              Epoch 1/40:  20%|███████████████████████▍                                                                                             Epoch 1/40:  20%|████████████████████████                                                                                             Epoch 1/40:  20%|████████████████████████▌                                                                                            Epoch 1/40:  21%|█████████████████████████                                                                                            Epoch 1/40:  21%|█████████████████████████▋                                                                                           Epoch 1/40:  22%|██████████████████████████▏                                                                                          Epoch 1/40:  22%|██████████████████████████▋                                                                                          Epoch 1/40:  23%|███████████████████████████▎                                                                                         Epoch 1/40:  23%|███████████████████████████▊                                                                                         Epoch 1/40:  24%|████████████████████████████▎                                                                                        Epoch 1/40:  24%|████████████████████████████▉                                                                                        Epoch 1/40:  25%|█████████████████████████████▍                                                                                       Epoch 1/40:  25%|██████████████████████████████                                                                                       Epoch 1/40:  25%|██████████████████████████████▌                                                                                      Epoch 1/40:  26%|███████████████████████████████                                                                                      Epoch 1/40:  26%|███████████████████████████████▋                                                                                     Epoch 1/40:  27%|████████████████████████████████▏                                                                                    Epoch 1/40:  27%|████████████████████████████████▋                                                                                    Epoch 1/40:  28%|█████████████████████████████████▎                                                                                   Epoch 1/40:  28%|█████████████████████████████████▊                                                                                   Epoch 1/40:  29%|██████████████████████████████████▎                                                                                  Epoch 1/40:  29%|██████████████████████████████████▉                                                                                  Epoch 1/40:  30%|███████████████████████████████████▍                                                                                 Epoch 1/40:  30%|████████████████████████████████████                                                                                 Epoch 1/40:  30%|████████████████████████████████████▌                                                                                Epoch 1/40:  31%|█████████████████████████████████████                                                                                Epoch 1/40:  31%|█████████████████████████████████████▋                                                                               Epoch 1/40:  32%|██████████████████████████████████████▏                                                                              Epoch 1/40:  32%|██████████████████████████████████████▋                                                                              Epoch 1/40:  33%|███████████████████████████████████████▎                                                                             Epoch 1/40:  33%|███████████████████████████████████████▊                                                                             Epoch 1/40:  34%|████████████████████████████████████████▎                                                                            Epoch 1/40:  34%|████████████████████████████████████████▉                                                                            Epoch 1/40:  35%|█████████████████████████████████████████▍                                                                           Epoch 1/40:  35%|██████████████████████████████████████████                                                                           Epoch 1/40:  35%|██████████████████████████████████████████▌                                                                          Epoch 1/40:  36%|███████████████████████████████████████████                                                                          Epoch 1/40:  36%|███████████████████████████████████████████▋                                                                         Epoch 1/40:  37%|████████████████████████████████████████████▏                                                                        Epoch 1/40:  37%|████████████████████████████████████████████▋                                                                        Epoch 1/40:  38%|█████████████████████████████████████████████▎                                                                       Epoch 1/40:  38%|█████████████████████████████████████████████▊                                                                       Epoch 1/40:  39%|██████████████████████████████████████████████▎                                                                      Epoch 1/40:  39%|██████████████████████████████████████████████▉                                                                      Epoch 1/40:  40%|███████████████████████████████████████████████▍                                                                     Epoch 1/40:  40%|████████████████████████████████████████████████                                                                     Epoch 1/40:  40%|████████████████████████████████████████████████▌                                                                    Epoch 1/40:  41%|█████████████████████████████████████████████████                                                                    Epoch 1/40:  41%|█████████████████████████████████████████████████▋                                                                   Epoch 1/40:  42%|██████████████████████████████████████████████████▏                                                                  Epoch 1/40:  42%|██████████████████████████████████████████████████▋                                                                  Epoch 1/40:  43%|███████████████████████████████████████████████████▎                                                                 Epoch 1/40:  43%|███████████████████████████████████████████████████▊                                                                 Epoch 1/40:  44%|████████████████████████████████████████████████████▎                                                                Epoch 1/40:  44%|████████████████████████████████████████████████████▉                                                                Epoch 1/40:  45%|█████████████████████████████████████████████████████▍                                                               Epoch 1/40:  45%|██████████████████████████████████████████████████████                                                               Epoch 1/40:  45%|██████████████████████████████████████████████████████                                                               Epoch 1/40:  46%|██████████████████████████████████████████████████████▋                                                              Epoch 1/40:  46%|███████████████████████████████████████████████████████▏                                                             Epoch 1/40:  47%|███████████████████████████████████████████████████████▋                                                             Epoch 1/40:  47%|████████████████████████████████████████████████████████▎                                                            Epoch 1/40:  48%|████████████████████████████████████████████████████████▊                                                            Epoch 1/40:  48%|█████████████████████████████████████████████████████████▎                                                           Epoch 1/40:  49%|█████████████████████████████████████████████████████████▉                                                           Epoch 1/40:  49%|██████████████████████████████████████████████████████████▍                                                          Epoch 1/40:  50%|██████████████████████████████████████████████████████████▉                                                          Epoch 1/40:  50%|███████████████████████████████████████████████████████████▌                                                         Epoch 1/40:  50%|████████████████████████████████████████████████████████████                                                         Epoch 1/40:  51%|████████████████████████████████████████████████████████████▌                                                        Epoch 1/40:  51%|█████████████████████████████████████████████████████████████                                                        Epoch 1/40:  52%|█████████████████████████████████████████████████████████████▋                                                       Epoch 1/40:  52%|██████████████████████████████████████████████████████████████▏                                                      Epoch 1/40:  53%|██████████████████████████████████████████████████████████████▋                                                      Epoch 1/40:  53%|███████████████████████████████████████████████████████████████▎                                                     Epoch 1/40:  54%|███████████████████████████████████████████████████████████████▊                                                     Epoch 1/40:  54%|████████████████████████████████████████████████████████████████▎                                                    Epoch 1/40:  55%|████████████████████████████████████████████████████████████████▉                                                    Epoch 1/40:  55%|█████████████████████████████████████████████████████████████████▍                                                   Epoch 1/40:  55%|█████████████████████████████████████████████████████████████████▉                                                   Epoch 1/40:  56%|██████████████████████████████████████████████████████████████████▌                                                  Epoch 1/40:  56%|███████████████████████████████████████████████████████████████████                                                  Epoch 1/40:  57%|███████████████████████████████████████████████████████████████████▌                                                 Epoch 1/40:  57%|████████████████████████████████████████████████████████████████████▏                                                Epoch 1/40:  58%|████████████████████████████████████████████████████████████████████▋                                                Epoch 1/40:  58%|█████████████████████████████████████████████████████████████████████▏                                               Epoch 1/40:  59%|█████████████████████████████████████████████████████████████████████▊                                               Epoch 1/40:  59%|██████████████████████████████████████████████████████████████████████▎                                              Epoch 1/40:  60%|██████████████████████████████████████████████████████████████████████▊                                              Epoch 1/40:  60%|███████████████████████████████████████████████████████████████████████▍                                             Epoch 1/40:  60%|███████████████████████████████████████████████████████████████████████▉                                             Epoch 1/40:  61%|████████████████████████████████████████████████████████████████████████▍                                            Epoch 1/40:  61%|█████████████████████████████████████████████████████████████████████████                                            Epoch 1/40:  62%|█████████████████████████████████████████████████████████████████████████▌                                           Epoch 1/40:  62%|██████████████████████████████████████████████████████████████████████████                                           Epoch 1/40:  63%|██████████████████████████████████████████████████████████████████████████▋                                          Epoch 1/40:  63%|███████████████████████████████████████████████████████████████████████████▏                                         Epoch 1/40:  64%|███████████████████████████████████████████████████████████████████████████▋                                         Epoch 1/40:  64%|████████████████████████████████████████████████████████████████████████████▎                                        Epoch 1/40:  65%|████████████████████████████████████████████████████████████████████████████▊                                        Epoch 1/40:  65%|█████████████████████████████████████████████████████████████████████████████▎                                       Epoch 1/40:  65%|█████████████████████████████████████████████████████████████████████████████▉                                       Epoch 1/40:  66%|██████████████████████████████████████████████████████████████████████████████▍                                      Epoch 1/40:  66%|██████████████████████████████████████████████████████████████████████████████▉                                      Epoch 1/40:  67%|███████████████████████████████████████████████████████████████████████████████▌                                     Epoch 1/40:  67%|████████████████████████████████████████████████████████████████████████████████                                     Epoch 1/40:  68%|████████████████████████████████████████████████████████████████████████████████▌                                    Epoch 1/40:  68%|█████████████████████████████████████████████████████████████████████████████████▏                                   Epoch 1/40:  69%|█████████████████████████████████████████████████████████████████████████████████▋                                   Epoch 1/40:  69%|██████████████████████████████████████████████████████████████████████████████████▏                                  Epoch 1/40:  70%|██████████████████████████████████████████████████████████████████████████████████▊                                  Epoch 1/40:  70%|███████████████████████████████████████████████████████████████████████████████████▎                                 Epoch 1/40:  70%|███████████████████████████████████████████████████████████████████████████████████▊                                 Epoch 1/40:  71%|████████████████████████████████████████████████████████████████████████████████████▍                                Epoch 1/40:  71%|████████████████████████████████████████████████████████████████████████████████████▉                                Epoch 1/40:  72%|█████████████████████████████████████████████████████████████████████████████████████▍                               Epoch 1/40:  72%|██████████████████████████████████████████████████████████████████████████████████████                               Epoch 1/40:  73%|██████████████████████████████████████████████████████████████████████████████████████▌                              Epoch 1/40:  73%|███████████████████████████████████████████████████████████████████████████████████████                              Epoch 1/40:  74%|███████████████████████████████████████████████████████████████████████████████████████▋                             Epoch 1/40:  74%|████████████████████████████████████████████████████████████████████████████████████████▏                            Epoch 1/40:  75%|████████████████████████████████████████████████████████████████████████████████████████▋                            Epoch 1/40:  75%|█████████████████████████████████████████████████████████████████████████████████████████▎                           Epoch 1/40:  75%|█████████████████████████████████████████████████████████████████████████████████████████▊                           Epoch 1/40:  76%|██████████████████████████████████████████████████████████████████████████████████████████▎                          Epoch 1/40:  76%|██████████████████████████████████████████████████████████████████████████████████████████▊                          Epoch 1/40:  77%|███████████████████████████████████████████████████████████████████████████████████████████▍                         Epoch 1/40:  77%|███████████████████████████████████████████████████████████████████████████████████████████▉                         Epoch 1/40:  78%|████████████████████████████████████████████████████████████████████████████████████████████▍                        Epoch 1/40:  78%|█████████████████████████████████████████████████████████████████████████████████████████████                        Epoch 1/40:  79%|█████████████████████████████████████████████████████████████████████████████████████████████▌                       Epoch 1/40:  79%|██████████████████████████████████████████████████████████████████████████████████████████████                       Epoch 1/40:  80%|██████████████████████████████████████████████████████████████████████████████████████████████▋                      Epoch 1/40:  80%|███████████████████████████████████████████████████████████████████████████████████████████████▏                     Epoch 1/40:  80%|███████████████████████████████████████████████████████████████████████████████████████████████▋                     Epoch 1/40:  81%|████████████████████████████████████████████████████████████████████████████████████████████████▎                    Epoch 1/40:  81%|████████████████████████████████████████████████████████████████████████████████████████████████▊                    Epoch 1/40:  82%|█████████████████████████████████████████████████████████████████████████████████████████████████▎                   Epoch 1/40:  82%|█████████████████████████████████████████████████████████████████████████████████████████████████▉                   Epoch 1/40:  83%|██████████████████████████████████████████████████████████████████████████████████████████████████▍                  Epoch 1/40:  83%|██████████████████████████████████████████████████████████████████████████████████████████████████▉                  Epoch 1/40:  84%|███████████████████████████████████████████████████████████████████████████████████████████████████▌                 Epoch 1/40:  84%|████████████████████████████████████████████████████████████████████████████████████████████████████                 Epoch 1/40:  85%|████████████████████████████████████████████████████████████████████████████████████████████████████▌                Epoch 1/40:  85%|█████████████████████████████████████████████████████████████████████████████████████████████████████▏               Epoch 1/40:  85%|█████████████████████████████████████████████████████████████████████████████████████████████████████▋               Epoch 1/40:  86%|██████████████████████████████████████████████████████████████████████████████████████████████████████▏              Epoch 1/40:  86%|██████████████████████████████████████████████████████████████████████████████████████████████████████▊              Epoch 1/40:  87%|███████████████████████████████████████████████████████████████████████████████████████████████████████▎             Epoch 1/40:  87%|███████████████████████████████████████████████████████████████████████████████████████████████████████▊             Epoch 1/40:  88%|████████████████████████████████████████████████████████████████████████████████████████████████████████▍            Epoch 1/40:  88%|████████████████████████████████████████████████████████████████████████████████████████████████████████▉            Epoch 1/40:  89%|█████████████████████████████████████████████████████████████████████████████████████████████████████████▍           Epoch 1/40:  89%|██████████████████████████████████████████████████████████████████████████████████████████████████████████           Epoch 1/40:  90%|██████████████████████████████████████████████████████████████████████████████████████████████████████████▌          Epoch 1/40:  90%|███████████████████████████████████████████████████████████████████████████████████████████████████████████          Epoch 1/40:  90%|███████████████████████████████████████████████████████████████████████████████████████████████████████████▋         Epoch 1/40:  91%|████████████████████████████████████████████████████████████████████████████████████████████████████████████▏        Epoch 1/40:  91%|████████████████████████████████████████████████████████████████████████████████████████████████████████████▋        Epoch 1/40:  92%|█████████████████████████████████████████████████████████████████████████████████████████████████████████████▎       Epoch 1/40:  92%|█████████████████████████████████████████████████████████████████████████████████████████████████████████████▊       Epoch 1/40:  93%|██████████████████████████████████████████████████████████████████████████████████████████████████████████████▎      Epoch 1/40:  93%|██████████████████████████████████████████████████████████████████████████████████████████████████████████████▉      Epoch 1/40:  94%|███████████████████████████████████████████████████████████████████████████████████████████████████████████████▍     Epoch 1/40:  94%|███████████████████████████████████████████████████████████████████████████████████████████████████████████████▉     Epoch 1/40:  95%|████████████████████████████████████████████████████████████████████████████████████████████████████████████████▌    Epoch 1/40:  95%|█████████████████████████████████████████████████████████████████████████████████████████████████████████████████    Epoch 1/40:  95%|█████████████████████████████████████████████████████████████████████████████████████████████████████████████████▌   Epoch 1/40:  96%|██████████████████████████████████████████████████████████████████████████████████████████████████████████████████▏  Epoch 1/40:  96%|██████████████████████████████████████████████████████████████████████████████████████████████████████████████████▋  Epoch 1/40:  97%|███████████████████████████████████████████████████████████████████████████████████████████████████████████████████▏ Epoch 1/40:  97%|███████████████████████████████████████████████████████████████████████████████████████████████████████████████████▊ Epoch 1/40:  98%|████████████████████████████████████████████████████████████████████████████████████████████████████████████████████▎Epoch 1/40:  98%|████████████████████████████████████████████████████████████████████████████████████████████████████████████████████▊Epoch 1/40:  99%|█████████████████████████████████████████████████████████████████████████████████████████████████████████████████████Epoch 1/40:  99%|█████████████████████████████████████████████████████████████████████████████████████████████████████████████████████Epoch 1/40: 100%|█████████████████████████████████████████████████████████████████████████████████████████████████████████████████████Epoch 1/40: 100%|█████████████████████████████████████████████████████████████████████████████████████████████████████████████████████Epoch 1/40: 100%|███████████████████████████████████████████████████████████████████████████████████████████████████████████████████████| 220/220 [00:25<00:00,  8.47it/s]
✅ Epoch 1, Train Loss: 1.9134
✅ Epoch 1, Val Loss: 0.8058, Type Acc: 0.9246, Brand Acc: 0.9050, Device Acc: 0.8749
Epoch 2/40: 100%|███████████████████████████████████████████████████████████████████████████████████| 220/220 [00:25<00:00,  8.67it/s]
✅ Epoch 2, Train Loss: 0.7718
✅ Epoch 2, Val Loss: 0.4833, Type Acc: 0.9595, Brand Acc: 0.9535, Device Acc: 0.9074
Epoch 3/40: 100%|███████████████████████████████████████████████████████████████████████████████████| 220/220 [00:25<00:00,  8.62it/s]
✅ Epoch 3, Train Loss: 0.6651
✅ Epoch 3, Val Loss: 0.6301, Type Acc: 0.9710, Brand Acc: 0.9406, Device Acc: 0.8850
Epoch 4/40: 100%|███████████████████████████████████████████████████████████████████████████████████| 220/220 [00:25<00:00,  8.68it/s]
✅ Epoch 4, Train Loss: 0.6076
✅ Epoch 4, Val Loss: 0.3372, Type Acc: 0.9825, Brand Acc: 0.9735, Device Acc: 0.9404
Epoch 5/40: 100%|███████████████████████████████████████████████████████████████████████████████████| 220/220 [00:25<00:00,  8.65it/s]
✅ Epoch 5, Train Loss: 0.5083
✅ Epoch 5, Val Loss: 0.4330, Type Acc: 0.9643, Brand Acc: 0.9657, Device Acc: 0.9255
Epoch 6/40: 100%|███████████████████████████████████████████████████████████████████████████████████| 220/220 [00:25<00:00,  8.72it/s]
✅ Epoch 6, Train Loss: 0.4975
✅ Epoch 6, Val Loss: 0.2471, Type Acc: 0.9849, Brand Acc: 0.9860, Device Acc: 0.9500
Epoch 7/40: 100%|███████████████████████████████████████████████████████████████████████████████████| 220/220 [00:25<00:00,  8.75it/s]
✅ Epoch 7, Train Loss: 0.4711
✅ Epoch 7, Val Loss: 0.3077, Type Acc: 0.9831, Brand Acc: 0.9801, Device Acc: 0.9428
Epoch 8/40: 100%|███████████████████████████████████████████████████████████████████████████████████| 220/220 [00:24<00:00,  8.95it/s]
✅ Epoch 8, Train Loss: 0.4394
✅ Epoch 8, Val Loss: 0.3087, Type Acc: 0.9814, Brand Acc: 0.9754, Device Acc: 0.9441
Epoch 9/40: 100%|███████████████████████████████████████████████████████████████████████████████████| 220/220 [00:24<00:00,  8.92it/s]
✅ Epoch 9, Train Loss: 0.4263
✅ Epoch 9, Val Loss: 0.2202, Type Acc: 0.9854, Brand Acc: 0.9853, Device Acc: 0.9572
Epoch 10/40: 100%|██████████████████████████████████████████████████████████████████████████████████| 220/220 [00:24<00:00,  8.91it/s]
✅ Epoch 10, Train Loss: 0.3855
✅ Epoch 10, Val Loss: 0.2044, Type Acc: 0.9908, Brand Acc: 0.9848, Device Acc: 0.9533
Epoch 11/40: 100%|██████████████████████████████████████████████████████████████████████████████████| 220/220 [00:24<00:00,  8.88it/s]
✅ Epoch 11, Train Loss: 0.3415
✅ Epoch 11, Val Loss: 0.1814, Type Acc: 0.9927, Brand Acc: 0.9901, Device Acc: 0.9620
Epoch 12/40: 100%|██████████████████████████████████████████████████████████████████████████████████| 220/220 [00:24<00:00,  8.92it/s]
✅ Epoch 12, Train Loss: 0.3517
✅ Epoch 12, Val Loss: 0.4749, Type Acc: 0.9617, Brand Acc: 0.9568, Device Acc: 0.9315
Epoch 13/40: 100%|██████████████████████████████████████████████████████████████████████████████████| 220/220 [00:25<00:00,  8.72it/s]
✅ Epoch 13, Train Loss: 0.3455
✅ Epoch 13, Val Loss: 0.2557, Type Acc: 0.9893, Brand Acc: 0.9806, Device Acc: 0.9489
Epoch 14/40: 100%|██████████████████████████████████████████████████████████████████████████████████| 220/220 [00:24<00:00,  8.83it/s]
✅ Epoch 14, Train Loss: 0.3421
✅ Epoch 14, Val Loss: 0.1997, Type Acc: 0.9914, Brand Acc: 0.9902, Device Acc: 0.9547
Epoch 15/40: 100%|██████████████████████████████████████████████████████████████████████████████████| 220/220 [00:25<00:00,  8.78it/s]
✅ Epoch 15, Train Loss: 0.3094
✅ Epoch 15, Val Loss: 0.1724, Type Acc: 0.9928, Brand Acc: 0.9910, Device Acc: 0.9626
Epoch 16/40: 100%|██████████████████████████████████████████████████████████████████████████████████| 220/220 [00:25<00:00,  8.76it/s]
✅ Epoch 16, Train Loss: 0.3013
✅ Epoch 16, Val Loss: 0.2085, Type Acc: 0.9893, Brand Acc: 0.9907, Device Acc: 0.9602
Epoch 17/40: 100%|██████████████████████████████████████████████████████████████████████████████████| 220/220 [00:24<00:00,  8.82it/s]
✅ Epoch 17, Train Loss: 0.2964
✅ Epoch 17, Val Loss: 0.2963, Type Acc: 0.9823, Brand Acc: 0.9734, Device Acc: 0.9448
Epoch 18/40: 100%|██████████████████████████████████████████████████████████████████████████████████| 220/220 [00:24<00:00,  8.90it/s]
✅ Epoch 18, Train Loss: 0.2745
✅ Epoch 18, Val Loss: 0.2021, Type Acc: 0.9932, Brand Acc: 0.9908, Device Acc: 0.9538
Epoch 19/40: 100%|██████████████████████████████████████████████████████████████████████████████████| 220/220 [00:24<00:00,  8.81it/s]
✅ Epoch 19, Train Loss: 0.2790
✅ Epoch 19, Val Loss: 0.3449, Type Acc: 0.9785, Brand Acc: 0.9757, Device Acc: 0.9309
Epoch 20/40: 100%|██████████████████████████████████████████████████████████████████████████████████| 220/220 [00:24<00:00,  8.82it/s]
✅ Epoch 20, Train Loss: 0.2968
✅ Epoch 20, Val Loss: 0.1904, Type Acc: 0.9918, Brand Acc: 0.9900, Device Acc: 0.9564
Epoch 21/40: 100%|██████████████████████████████████████████████████████████████████████████████████| 220/220 [00:24<00:00,  8.81it/s]
✅ Epoch 21, Train Loss: 0.2590
✅ Epoch 21, Val Loss: 0.1573, Type Acc: 0.9934, Brand Acc: 0.9922, Device Acc: 0.9638
Epoch 22/40: 100%|██████████████████████████████████████████████████████████████████████████████████| 220/220 [00:24<00:00,  8.83it/s]
✅ Epoch 22, Train Loss: 0.2541
✅ Epoch 22, Val Loss: 0.2792, Type Acc: 0.9793, Brand Acc: 0.9778, Device Acc: 0.9461
Epoch 23/40: 100%|██████████████████████████████████████████████████████████████████████████████████| 220/220 [00:25<00:00,  8.79it/s]
✅ Epoch 23, Train Loss: 0.2917
✅ Epoch 23, Val Loss: 0.2633, Type Acc: 0.9926, Brand Acc: 0.9727, Device Acc: 0.9379
Epoch 24/40: 100%|██████████████████████████████████████████████████████████████████████████████████| 220/220 [00:25<00:00,  8.77it/s]
✅ Epoch 24, Train Loss: 0.2489
✅ Epoch 24, Val Loss: 0.1333, Type Acc: 0.9948, Brand Acc: 0.9930, Device Acc: 0.9687
Epoch 25/40: 100%|██████████████████████████████████████████████████████████████████████████████████| 220/220 [00:25<00:00,  8.70it/s]
✅ Epoch 25, Train Loss: 0.2386
✅ Epoch 25, Val Loss: 0.1437, Type Acc: 0.9945, Brand Acc: 0.9936, Device Acc: 0.9626
Epoch 26/40: 100%|██████████████████████████████████████████████████████████████████████████████████| 220/220 [00:25<00:00,  8.68it/s]
✅ Epoch 26, Train Loss: 0.2353
✅ Epoch 26, Val Loss: 0.1676, Type Acc: 0.9949, Brand Acc: 0.9917, Device Acc: 0.9520
Epoch 27/40: 100%|██████████████████████████████████████████████████████████████████████████████████| 220/220 [00:25<00:00,  8.55it/s]
✅ Epoch 27, Train Loss: 0.2242
✅ Epoch 27, Val Loss: 0.1945, Type Acc: 0.9916, Brand Acc: 0.9902, Device Acc: 0.9514
Epoch 28/40: 100%|██████████████████████████████████████████████████████████████████████████████████| 220/220 [00:24<00:00,  8.86it/s]
✅ Epoch 28, Train Loss: 0.2361
✅ Epoch 28, Val Loss: 0.2426, Type Acc: 0.9855, Brand Acc: 0.9818, Device Acc: 0.9575
Epoch 29/40: 100%|██████████████████████████████████████████████████████████████████████████████████| 220/220 [00:24<00:00,  8.83it/s]
✅ Epoch 29, Train Loss: 0.2243
✅ Epoch 29, Val Loss: 0.3295, Type Acc: 0.9885, Brand Acc: 0.9849, Device Acc: 0.9362
Epoch 30/40: 100%|██████████████████████████████████████████████████████████████████████████████████| 220/220 [00:24<00:00,  8.88it/s]
✅ Epoch 30, Train Loss: 0.2389
✅ Epoch 30, Val Loss: 0.1850, Type Acc: 0.9911, Brand Acc: 0.9876, Device Acc: 0.9613
Epoch 31/40: 100%|██████████████████████████████████████████████████████████████████████████████████| 220/220 [00:24<00:00,  8.89it/s]
✅ Epoch 31, Train Loss: 0.2025
✅ Epoch 31, Val Loss: 0.2173, Type Acc: 0.9913, Brand Acc: 0.9843, Device Acc: 0.9575
Epoch 32/40: 100%|██████████████████████████████████████████████████████████████████████████████████| 220/220 [00:24<00:00,  8.82it/s]
✅ Epoch 32, Train Loss: 0.1950
✅ Epoch 32, Val Loss: 0.1360, Type Acc: 0.9949, Brand Acc: 0.9941, Device Acc: 0.9707
Epoch 33/40: 100%|██████████████████████████████████████████████████████████████████████████████████| 220/220 [00:25<00:00,  8.47it/s]
✅ Epoch 33, Train Loss: 0.1825
✅ Epoch 33, Val Loss: 0.1720, Type Acc: 0.9926, Brand Acc: 0.9887, Device Acc: 0.9671
Epoch 34/40: 100%|██████████████████████████████████████████████████████████████████████████████████| 220/220 [00:24<00:00,  8.86it/s]
✅ Epoch 34, Train Loss: 0.1880
✅ Epoch 34, Val Loss: 0.3448, Type Acc: 0.9785, Brand Acc: 0.9795, Device Acc: 0.9487
Epoch 35/40: 100%|██████████████████████████████████████████████████████████████████████████████████| 220/220 [00:24<00:00,  8.84it/s]
✅ Epoch 35, Train Loss: 0.2019
✅ Epoch 35, Val Loss: 0.2155, Type Acc: 0.9897, Brand Acc: 0.9859, Device Acc: 0.9551
Epoch 36/40: 100%|██████████████████████████████████████████████████████████████████████████████████| 220/220 [00:25<00:00,  8.79it/s]
✅ Epoch 36, Train Loss: 0.2046
✅ Epoch 36, Val Loss: 0.1778, Type Acc: 0.9885, Brand Acc: 0.9892, Device Acc: 0.9677
Epoch 37/40: 100%|██████████████████████████████████████████████████████████████████████████████████| 220/220 [00:24<00:00,  8.90it/s]
✅ Epoch 37, Train Loss: 0.1937
✅ Epoch 37, Val Loss: 0.1784, Type Acc: 0.9918, Brand Acc: 0.9896, Device Acc: 0.9590
Epoch 38/40: 100%|██████████████████████████████████████████████████████████████████████████████████| 220/220 [00:24<00:00,  8.88it/s]
✅ Epoch 38, Train Loss: 0.1884
✅ Epoch 38, Val Loss: 0.1429, Type Acc: 0.9945, Brand Acc: 0.9938, Device Acc: 0.9701
Epoch 39/40: 100%|██████████████████████████████████████████████████████████████████████████████████| 220/220 [00:24<00:00,  8.86it/s]
✅ Epoch 39, Train Loss: 0.1768
✅ Epoch 39, Val Loss: 0.1415, Type Acc: 0.9947, Brand Acc: 0.9942, Device Acc: 0.9684
Epoch 40/40: 100%|██████████████████████████████████████████████████████████████████████████████████| 220/220 [00:24<00:00,  8.87it/s]
✅ Epoch 40, Train Loss: 0.1635
✅ Epoch 40, Val Loss: 0.1722, Type Acc: 0.9931, Brand Acc: 0.9898, Device Acc: 0.9644
✔️ 模型已保存至: /home/hyj/unknownDeviceIdentification/dataset/11_multitask_training/uk/3_optimized_multitask_model.pt