(iot) hyj@csu424:~/unknownDeviceIdentification$ /home/hyj/.conda/envs/iot/bin/python /home/hyj/unknownDeviceIdentification/supervisedClassification/2_optimized_train_multitask_classifier.py
✅ 加载样本数: 19490
📚 标签类别数: type=10, brand=29, device=36
✅ 加载样本数: 45263
📚 标签类别数: type=10, brand=29, device=36
🚀 开始多任务训练...
Epoch 1/40: 100%|█████████████████████████████████████████████████████████████████████████████████████████████████████████████████████████████████████████████████| 305/305 [00:48<00:00,  6.35it/s]
✅ Epoch 1, Train Loss: 1.7360
✅ Epoch 1, Val Loss: 0.7015, Type Acc: 0.9206, Brand Acc: 0.9214, Device Acc: 0.8809
Epoch 2/40: 100%|█████████████████████████████████████████████████████████████████████████████████████████████████████████████████████████████████████████████████| 305/305 [00:41<00:00,  7.40it/s]
✅ Epoch 2, Train Loss: 0.7476
✅ Epoch 2, Val Loss: 0.5139, Type Acc: 0.9536, Brand Acc: 0.9557, Device Acc: 0.9195
Epoch 3/40: 100%|█████████████████████████████████████████████████████████████████████████████████████████████████████████████████████████████████████████████████| 305/305 [00:39<00:00,  7.67it/s]
✅ Epoch 3, Train Loss: 0.6171
✅ Epoch 3, Val Loss: 0.3819, Type Acc: 0.9711, Brand Acc: 0.9692, Device Acc: 0.9407
Epoch 4/40: 100%|█████████████████████████████████████████████████████████████████████████████████████████████████████████████████████████████████████████████████| 305/305 [00:40<00:00,  7.61it/s]
✅ Epoch 4, Train Loss: 0.5397
✅ Epoch 4, Val Loss: 0.3600, Type Acc: 0.9707, Brand Acc: 0.9709, Device Acc: 0.9339
Epoch 5/40: 100%|█████████████████████████████████████████████████████████████████████████████████████████████████████████████████████████████████████████████████| 305/305 [00:44<00:00,  6.86it/s]
✅ Epoch 5, Train Loss: 0.4890
✅ Epoch 5, Val Loss: 0.3643, Type Acc: 0.9717, Brand Acc: 0.9703, Device Acc: 0.9461
Epoch 6/40: 100%|█████████████████████████████████████████████████████████████████████████████████████████████████████████████████████████████████████████████████| 305/305 [00:44<00:00,  6.84it/s]
✅ Epoch 6, Train Loss: 0.4380
✅ Epoch 6, Val Loss: 0.3842, Type Acc: 0.9722, Brand Acc: 0.9744, Device Acc: 0.9314
Epoch 7/40: 100%|█████████████████████████████████████████████████████████████████████████████████████████████████████████████████████████████████████████████████| 305/305 [00:48<00:00,  6.31it/s]
✅ Epoch 7, Train Loss: 0.4355
✅ Epoch 7, Val Loss: 0.3255, Type Acc: 0.9720, Brand Acc: 0.9727, Device Acc: 0.9449
Epoch 8/40: 100%|█████████████████████████████████████████████████████████████████████████████████████████████████████████████████████████████████████████████████| 305/305 [00:44<00:00,  6.89it/s]
✅ Epoch 8, Train Loss: 0.4039
✅ Epoch 8, Val Loss: 0.3709, Type Acc: 0.9708, Brand Acc: 0.9715, Device Acc: 0.9351
Epoch 9/40: 100%|██████████████████████████████████████████████████████████████████████████████████████████████████████████| 305/305 [00:45<00:00,  6.68it/s]
✅ Epoch 9, Train Loss: 0.3651
✅ Epoch 9, Val Loss: 0.2827, Type Acc: 0.9793, Brand Acc: 0.9815, Device Acc: 0.9508
Epoch 10/40: 100%|█████████████████████████████████████████████████████████████████████████████████████████████████████████| 305/305 [00:36<00:00,  8.40it/s]
✅ Epoch 10, Train Loss: 0.3571
✅ Epoch 10, Val Loss: 0.3212, Type Acc: 0.9798, Brand Acc: 0.9815, Device Acc: 0.9440
Epoch 11/40: 100%|█████████████████████████████████████████████████████████████████████████████████████████████████████████| 305/305 [00:34<00:00,  8.87it/s]
✅ Epoch 11, Train Loss: 0.3434
✅ Epoch 11, Val Loss: 0.2135, Type Acc: 0.9852, Brand Acc: 0.9875, Device Acc: 0.9589
Epoch 12/40: 100%|█████████████████████████████████████████████████████████████████████████████████████████████████████████| 305/305 [00:33<00:00,  9.09it/s]
✅ Epoch 12, Train Loss: 0.3292
✅ Epoch 12, Val Loss: 0.2282, Type Acc: 0.9818, Brand Acc: 0.9838, Device Acc: 0.9595
Epoch 13/40: 100%|█████████████████████████████████████████████████████████████████████████████████████████████████████████| 305/305 [00:34<00:00,  8.86it/s]
✅ Epoch 13, Train Loss: 0.3010
✅ Epoch 13, Val Loss: 0.2892, Type Acc: 0.9797, Brand Acc: 0.9835, Device Acc: 0.9594
Epoch 14/40: 100%|█████████████████████████████████████████████████████████████████████████████████████████████████████████| 305/305 [00:34<00:00,  8.94it/s]
✅ Epoch 14, Train Loss: 0.3007
✅ Epoch 14, Val Loss: 0.2194, Type Acc: 0.9823, Brand Acc: 0.9833, Device Acc: 0.9598
Epoch 15/40: 100%|█████████████████████████████████████████████████████████████████████████████████████████████████████████| 305/305 [00:34<00:00,  8.83it/s]
✅ Epoch 15, Train Loss: 0.2973
✅ Epoch 15, Val Loss: 0.2890, Type Acc: 0.9774, Brand Acc: 0.9805, Device Acc: 0.9548
Epoch 16/40: 100%|█████████████████████████████████████████████████████████████████████████████████████████████████████████| 305/305 [00:34<00:00,  8.96it/s]
✅ Epoch 16, Train Loss: 0.2930
✅ Epoch 16, Val Loss: 0.2252, Type Acc: 0.9822, Brand Acc: 0.9856, Device Acc: 0.9602
Epoch 17/40: 100%|█████████████████████████████████████████████████████████████████████████████████████████████████████████| 305/305 [00:34<00:00,  8.76it/s]
✅ Epoch 17, Train Loss: 0.2741
✅ Epoch 17, Val Loss: 0.2813, Type Acc: 0.9816, Brand Acc: 0.9798, Device Acc: 0.9581
Epoch 18/40: 100%|█████████████████████████████████████████████████████████████████████████████████████████████████████████| 305/305 [00:34<00:00,  8.88it/s]
✅ Epoch 18, Train Loss: 0.2557
✅ Epoch 18, Val Loss: 0.2295, Type Acc: 0.9858, Brand Acc: 0.9865, Device Acc: 0.9612
Epoch 19/40: 100%|█████████████████████████████████████████████████████████████████████████████████████████████████████████| 305/305 [00:34<00:00,  8.91it/s]
✅ Epoch 19, Train Loss: 0.2568
✅ Epoch 19, Val Loss: 0.2032, Type Acc: 0.9867, Brand Acc: 0.9878, Device Acc: 0.9608
Epoch 20/40: 100%|█████████████████████████████████████████████████████████████████████████████████████████████████████████| 305/305 [00:33<00:00,  8.97it/s]
✅ Epoch 20, Train Loss: 0.2405
✅ Epoch 20, Val Loss: 0.2510, Type Acc: 0.9791, Brand Acc: 0.9812, Device Acc: 0.9600
Epoch 21/40: 100%|█████████████████████████████████████████████████████████████████████████████████████████████████████████| 305/305 [00:34<00:00,  8.84it/s]
✅ Epoch 21, Train Loss: 0.2489
✅ Epoch 21, Val Loss: 0.2232, Type Acc: 0.9861, Brand Acc: 0.9868, Device Acc: 0.9603
Epoch 22/40: 100%|█████████████████████████████████████████████████████████████████████████████████████████████████████████| 305/305 [00:34<00:00,  8.73it/s]
✅ Epoch 22, Train Loss: 0.2490
✅ Epoch 22, Val Loss: 0.5678, Type Acc: 0.9566, Brand Acc: 0.9575, Device Acc: 0.9375
Epoch 23/40: 100%|█████████████████████████████████████████████████████████████████████████████████████████████████████████| 305/305 [00:33<00:00,  9.01it/s]
✅ Epoch 23, Train Loss: 0.2203
✅ Epoch 23, Val Loss: 0.2505, Type Acc: 0.9803, Brand Acc: 0.9829, Device Acc: 0.9631
Epoch 24/40: 100%|█████████████████████████████████████████████████████████████████████████████████████████████████████████| 305/305 [00:34<00:00,  8.95it/s]
✅ Epoch 24, Train Loss: 0.2352
✅ Epoch 24, Val Loss: 0.1766, Type Acc: 0.9883, Brand Acc: 0.9890, Device Acc: 0.9661
Epoch 25/40: 100%|█████████████████████████████████████████████████████████████████████████████████████████████████████████| 305/305 [00:34<00:00,  8.79it/s]
✅ Epoch 25, Train Loss: 0.2023
✅ Epoch 25, Val Loss: 0.1846, Type Acc: 0.9885, Brand Acc: 0.9886, Device Acc: 0.9708
Epoch 26/40: 100%|█████████████████████████████████████████████████████████████████████████████████████████████████████████| 305/305 [00:33<00:00,  8.97it/s]
✅ Epoch 26, Train Loss: 0.2039
✅ Epoch 26, Val Loss: 0.2229, Type Acc: 0.9869, Brand Acc: 0.9874, Device Acc: 0.9603
Epoch 27/40: 100%|█████████████████████████████████████████████████████████████████████████████████████████████████████████| 305/305 [00:34<00:00,  8.75it/s]
✅ Epoch 27, Train Loss: 0.1889
✅ Epoch 27, Val Loss: 0.2408, Type Acc: 0.9860, Brand Acc: 0.9863, Device Acc: 0.9620
Epoch 28/40: 100%|█████████████████████████████████████████████████████████████████████████████████████████████████████████| 305/305 [00:35<00:00,  8.63it/s]
✅ Epoch 28, Train Loss: 0.1928
✅ Epoch 28, Val Loss: 0.2993, Type Acc: 0.9687, Brand Acc: 0.9865, Device Acc: 0.9462
Epoch 29/40: 100%|█████████████████████████████████████████████████████████████████████████████████████████████████████████| 305/305 [00:34<00:00,  8.82it/s]
✅ Epoch 29, Train Loss: 0.2011
✅ Epoch 29, Val Loss: 0.2573, Type Acc: 0.9844, Brand Acc: 0.9859, Device Acc: 0.9551
Epoch 30/40: 100%|█████████████████████████████████████████████████████████████████████████████████████████████████████████| 305/305 [00:34<00:00,  8.97it/s]
✅ Epoch 30, Train Loss: 0.1829
✅ Epoch 30, Val Loss: 0.2103, Type Acc: 0.9849, Brand Acc: 0.9854, Device Acc: 0.9669
Epoch 31/40: 100%|█████████████████████████████████████████████████████████████████████████████████████████████████████████| 305/305 [00:34<00:00,  8.93it/s]
✅ Epoch 31, Train Loss: 0.1759
✅ Epoch 31, Val Loss: 0.2940, Type Acc: 0.9796, Brand Acc: 0.9807, Device Acc: 0.9645
Epoch 32/40: 100%|█████████████████████████████████████████████████████████████████████████████████████████████████████████| 305/305 [00:33<00:00,  9.00it/s]
✅ Epoch 32, Train Loss: 0.1779
✅ Epoch 32, Val Loss: 0.1666, Type Acc: 0.9898, Brand Acc: 0.9904, Device Acc: 0.9734
Epoch 33/40: 100%|█████████████████████████████████████████████████████████████████████████████████████████████████████████| 305/305 [00:34<00:00,  8.72it/s]
✅ Epoch 33, Train Loss: 0.1783
✅ Epoch 33, Val Loss: 0.2118, Type Acc: 0.9864, Brand Acc: 0.9871, Device Acc: 0.9708
Epoch 34/40: 100%|█████████████████████████████████████████████████████████████████████████████████████████████████████████| 305/305 [00:34<00:00,  8.83it/s]
✅ Epoch 34, Train Loss: 0.1701
✅ Epoch 34, Val Loss: 0.1956, Type Acc: 0.9879, Brand Acc: 0.9879, Device Acc: 0.9715
Epoch 35/40: 100%|█████████████████████████████████████████████████████████████████████████████████████████████████████████| 305/305 [00:34<00:00,  8.89it/s]
✅ Epoch 35, Train Loss: 0.1555
✅ Epoch 35, Val Loss: 0.1768, Type Acc: 0.9880, Brand Acc: 0.9890, Device Acc: 0.9691
Epoch 36/40: 100%|█████████████████████████████████████████████████████████████████████████████████████████████████████████| 305/305 [00:35<00:00,  8.66it/s]
✅ Epoch 36, Train Loss: 0.1516
✅ Epoch 36, Val Loss: 0.4014, Type Acc: 0.9714, Brand Acc: 0.9709, Device Acc: 0.9376
Epoch 37/40: 100%|█████████████████████████████████████████████████████████████████████████████████████████████████████████| 305/305 [00:35<00:00,  8.66it/s]
✅ Epoch 37, Train Loss: 0.1758
✅ Epoch 37, Val Loss: 0.1779, Type Acc: 0.9882, Brand Acc: 0.9895, Device Acc: 0.9732
Epoch 38/40: 100%|█████████████████████████████████████████████████████████████████████████████████████████████████████████| 305/305 [00:34<00:00,  8.83it/s]
✅ Epoch 38, Train Loss: 0.1625
✅ Epoch 38, Val Loss: 0.2012, Type Acc: 0.9866, Brand Acc: 0.9884, Device Acc: 0.9679
Epoch 39/40: 100%|█████████████████████████████████████████████████████████████████████████████████████████████████████████| 305/305 [00:34<00:00,  8.74it/s]
✅ Epoch 39, Train Loss: 0.1755
✅ Epoch 39, Val Loss: 0.2061, Type Acc: 0.9877, Brand Acc: 0.9866, Device Acc: 0.9684
Epoch 40/40: 100%|█████████████████████████████████████████████████████████████████████████████████████████████████████████| 305/305 [00:34<00:00,  8.78it/s]
✅ Epoch 40, Train Loss: 0.1628
✅ Epoch 40, Val Loss: 0.2429, Type Acc: 0.9821, Brand Acc: 0.9840, Device Acc: 0.9653
✔️ 模型已保存至: /home/hyj/unknownDeviceIdentification/dataset/11_multitask_training/us/optimized_multitask_model.pt



(iot) hyj@csu424:~/unknownDeviceIdentification$ /home/hyj/.conda/envs/iot/bin/python /home/hyj/unknownDeviceIdentification/supervisedClassification/2_optimized_train_multitask_classifier.py
✅ 加载样本数: 19789
📚 标签类别数: type=10, brand=27, device=35
✅ 加载样本数: 41672
📚 标签类别数: type=10, brand=27, device=35
🚀 开始多任务训练...
Epoch 1/40: 100%|██████████████████████████████████████████████████████████████████████████████████████████████████████████| 310/310 [00:47<00:00,  6.59it/s]
✅ Epoch 1, Train Loss: 1.6923
✅ Epoch 1, Val Loss: 0.6769, Type Acc: 0.9108, Brand Acc: 0.9257, Device Acc: 0.8897
Epoch 2/40: 100%|██████████████████████████████████████████████████████████████████████████████████████████████████████████| 310/310 [00:35<00:00,  8.86it/s]
✅ Epoch 2, Train Loss: 0.7349
✅ Epoch 2, Val Loss: 0.9359, Type Acc: 0.9147, Brand Acc: 0.8974, Device Acc: 0.8821
Epoch 3/40: 100%|██████████████████████████████████████████████████████████████████████████████████████████████████████████| 310/310 [00:34<00:00,  8.89it/s]
✅ Epoch 3, Train Loss: 0.6333
✅ Epoch 3, Val Loss: 0.4608, Type Acc: 0.9384, Brand Acc: 0.9450, Device Acc: 0.9199
Epoch 4/40: 100%|██████████████████████████████████████████████████████████████████████████████████████████████████████████| 310/310 [00:34<00:00,  8.94it/s]
✅ Epoch 4, Train Loss: 0.5671
✅ Epoch 4, Val Loss: 0.5349, Type Acc: 0.9461, Brand Acc: 0.9168, Device Acc: 0.9114
Epoch 5/40: 100%|██████████████████████████████████████████████████████████████████████████████████████████████████████████| 310/310 [00:34<00:00,  8.99it/s]
✅ Epoch 5, Train Loss: 0.5421
✅ Epoch 5, Val Loss: 0.6230, Type Acc: 0.9468, Brand Acc: 0.9434, Device Acc: 0.9046
Epoch 6/40: 100%|██████████████████████████████████████████████████████████████████████████████████████████████████████████| 310/310 [00:34<00:00,  8.94it/s]
✅ Epoch 6, Train Loss: 0.4704
✅ Epoch 6, Val Loss: 0.3543, Type Acc: 0.9605, Brand Acc: 0.9635, Device Acc: 0.9469
Epoch 7/40: 100%|██████████████████████████████████████████████████████████████████████████████████████████████████████████| 310/310 [00:34<00:00,  9.00it/s]
✅ Epoch 7, Train Loss: 0.4383
✅ Epoch 7, Val Loss: 0.3119, Type Acc: 0.9757, Brand Acc: 0.9628, Device Acc: 0.9522
Epoch 8/40: 100%|██████████████████████████████████████████████████████████████████████████████████████████████████████████| 310/310 [00:34<00:00,  8.99it/s]
✅ Epoch 8, Train Loss: 0.4232
✅ Epoch 8, Val Loss: 0.3141, Type Acc: 0.9779, Brand Acc: 0.9691, Device Acc: 0.9478
Epoch 9/40: 100%|██████████████████████████████████████████████████████████████████████████████████████████████████████████| 310/310 [00:34<00:00,  8.99it/s]
✅ Epoch 9, Train Loss: 0.3897
✅ Epoch 9, Val Loss: 0.3526, Type Acc: 0.9729, Brand Acc: 0.9642, Device Acc: 0.9472
Epoch 10/40: 100%|█████████████████████████████████████████████████████████████████████████████████████████████████████████| 310/310 [00:34<00:00,  8.95it/s]
✅ Epoch 10, Train Loss: 0.3970
✅ Epoch 10, Val Loss: 0.3667, Type Acc: 0.9649, Brand Acc: 0.9646, Device Acc: 0.9464
Epoch 11/40: 100%|█████████████████████████████████████████████████████████████████████████████████████████████████████████| 310/310 [00:34<00:00,  9.00it/s]
✅ Epoch 11, Train Loss: 0.3607
✅ Epoch 11, Val Loss: 0.6063, Type Acc: 0.9604, Brand Acc: 0.9543, Device Acc: 0.9397
Epoch 12/40: 100%|█████████████████████████████████████████████████████████████████████████████████████████████████████████| 310/310 [00:34<00:00,  8.98it/s]
✅ Epoch 12, Train Loss: 0.3527
✅ Epoch 12, Val Loss: 0.2865, Type Acc: 0.9719, Brand Acc: 0.9741, Device Acc: 0.9561
Epoch 13/40: 100%|█████████████████████████████████████████████████████████████████████████████████████████████████████████| 310/310 [00:34<00:00,  8.98it/s]
✅ Epoch 13, Train Loss: 0.3289
✅ Epoch 13, Val Loss: 0.3186, Type Acc: 0.9759, Brand Acc: 0.9579, Device Acc: 0.9412
Epoch 14/40: 100%|█████████████████████████████████████████████████████████████████████████████████████████████████████████| 310/310 [00:34<00:00,  8.98it/s]
✅ Epoch 14, Train Loss: 0.3226
✅ Epoch 14, Val Loss: 0.2364, Type Acc: 0.9764, Brand Acc: 0.9795, Device Acc: 0.9653
Epoch 15/40: 100%|█████████████████████████████████████████████████████████████████████████████████████████████████████████| 310/310 [00:34<00:00,  8.98it/s]
✅ Epoch 15, Train Loss: 0.2807
✅ Epoch 15, Val Loss: 0.3158, Type Acc: 0.9714, Brand Acc: 0.9682, Device Acc: 0.9523
Epoch 16/40: 100%|█████████████████████████████████████████████████████████████████████████████████████████████████████████| 310/310 [00:34<00:00,  8.98it/s]
✅ Epoch 16, Train Loss: 0.3044
✅ Epoch 16, Val Loss: 0.3385, Type Acc: 0.9728, Brand Acc: 0.9531, Device Acc: 0.9367
Epoch 17/40: 100%|█████████████████████████████████████████████████████████████████████████████████████████████████████████| 310/310 [00:34<00:00,  8.97it/s]
✅ Epoch 17, Train Loss: 0.2766
✅ Epoch 17, Val Loss: 0.2514, Type Acc: 0.9791, Brand Acc: 0.9784, Device Acc: 0.9687
Epoch 18/40: 100%|█████████████████████████████████████████████████████████████████████████████████████████████████████████| 310/310 [00:34<00:00,  8.98it/s]
✅ Epoch 18, Train Loss: 0.2617
✅ Epoch 18, Val Loss: 0.2633, Type Acc: 0.9822, Brand Acc: 0.9733, Device Acc: 0.9570
Epoch 19/40: 100%|█████████████████████████████████████████████████████████████████████████████████████████████████████████| 310/310 [00:34<00:00,  8.95it/s]
✅ Epoch 19, Train Loss: 0.2458
✅ Epoch 19, Val Loss: 0.2105, Type Acc: 0.9767, Brand Acc: 0.9857, Device Acc: 0.9687
Epoch 20/40: 100%|█████████████████████████████████████████████████████████████████████████████████████████████████████████| 310/310 [00:34<00:00,  8.94it/s]
✅ Epoch 20, Train Loss: 0.2425
✅ Epoch 20, Val Loss: 0.2516, Type Acc: 0.9830, Brand Acc: 0.9809, Device Acc: 0.9554
Epoch 21/40: 100%|█████████████████████████████████████████████████████████████████████████████████████████████████████████| 310/310 [00:34<00:00,  8.96it/s]
✅ Epoch 21, Train Loss: 0.2354
✅ Epoch 21, Val Loss: 0.4910, Type Acc: 0.9607, Brand Acc: 0.9658, Device Acc: 0.9526
Epoch 22/40: 100%|█████████████████████████████████████████████████████████████████████████████████████████████████████████| 310/310 [00:34<00:00,  8.99it/s]
✅ Epoch 22, Train Loss: 0.2393
✅ Epoch 22, Val Loss: 0.2247, Type Acc: 0.9841, Brand Acc: 0.9749, Device Acc: 0.9642
Epoch 23/40: 100%|█████████████████████████████████████████████████████████████████████████████████████████████████████████| 310/310 [00:34<00:00,  8.96it/s]
✅ Epoch 23, Train Loss: 0.2336
✅ Epoch 23, Val Loss: 0.4177, Type Acc: 0.9654, Brand Acc: 0.9585, Device Acc: 0.9485
Epoch 24/40: 100%|█████████████████████████████████████████████████████████████████████████████████████████████████████████| 310/310 [00:34<00:00,  8.98it/s]
✅ Epoch 24, Train Loss: 0.2153
✅ Epoch 24, Val Loss: 0.3110, Type Acc: 0.9731, Brand Acc: 0.9832, Device Acc: 0.9570
Epoch 25/40: 100%|█████████████████████████████████████████████████████████████████████████████████████████████████████████| 310/310 [00:34<00:00,  8.98it/s]
✅ Epoch 25, Train Loss: 0.2401
✅ Epoch 25, Val Loss: 0.1770, Type Acc: 0.9848, Brand Acc: 0.9878, Device Acc: 0.9790
Epoch 26/40: 100%|█████████████████████████████████████████████████████████████████████████████████████████████████████████| 310/310 [00:34<00:00,  9.00it/s]
✅ Epoch 26, Train Loss: 0.2135
✅ Epoch 26, Val Loss: 0.1998, Type Acc: 0.9820, Brand Acc: 0.9875, Device Acc: 0.9738
Epoch 27/40: 100%|█████████████████████████████████████████████████████████████████████████████████████████████████████████| 310/310 [00:34<00:00,  8.96it/s]
✅ Epoch 27, Train Loss: 0.2115
✅ Epoch 27, Val Loss: 0.2298, Type Acc: 0.9781, Brand Acc: 0.9798, Device Acc: 0.9683
Epoch 28/40: 100%|█████████████████████████████████████████████████████████████████████████████████████████████████████████| 310/310 [00:34<00:00,  8.99it/s]
✅ Epoch 28, Train Loss: 0.1895
✅ Epoch 28, Val Loss: 0.1817, Type Acc: 0.9832, Brand Acc: 0.9886, Device Acc: 0.9790
Epoch 29/40: 100%|█████████████████████████████████████████████████████████████████████████████████████████████████████████| 310/310 [00:34<00:00,  8.99it/s]
✅ Epoch 29, Train Loss: 0.1948
✅ Epoch 29, Val Loss: 0.2038, Type Acc: 0.9809, Brand Acc: 0.9871, Device Acc: 0.9740
Epoch 30/40: 100%|█████████████████████████████████████████████████████████████████████████████████████████████████████████| 310/310 [00:34<00:00,  8.98it/s]
✅ Epoch 30, Train Loss: 0.1896
✅ Epoch 30, Val Loss: 0.2004, Type Acc: 0.9802, Brand Acc: 0.9855, Device Acc: 0.9735
Epoch 31/40: 100%|█████████████████████████████████████████████████████████████████████████████████████████████████████████| 310/310 [00:34<00:00,  8.95it/s]
✅ Epoch 31, Train Loss: 0.1956
✅ Epoch 31, Val Loss: 0.3291, Type Acc: 0.9679, Brand Acc: 0.9744, Device Acc: 0.9615
Epoch 32/40: 100%|█████████████████████████████████████████████████████████████████████████████████████████████████████████| 310/310 [00:34<00:00,  8.95it/s]
✅ Epoch 32, Train Loss: 0.1820
✅ Epoch 32, Val Loss: 0.2272, Type Acc: 0.9816, Brand Acc: 0.9846, Device Acc: 0.9690
Epoch 33/40: 100%|█████████████████████████████████████████████████████████████████████████████████████████████████████████| 310/310 [00:34<00:00,  8.97it/s]
✅ Epoch 33, Train Loss: 0.1743
✅ Epoch 33, Val Loss: 0.2218, Type Acc: 0.9810, Brand Acc: 0.9854, Device Acc: 0.9641
Epoch 34/40: 100%|█████████████████████████████████████████████████████████████████████████████████████████████████████████| 310/310 [00:34<00:00,  8.94it/s]
✅ Epoch 34, Train Loss: 0.1972
✅ Epoch 34, Val Loss: 0.2217, Type Acc: 0.9800, Brand Acc: 0.9818, Device Acc: 0.9714
Epoch 35/40: 100%|█████████████████████████████████████████████████████████████████████████████████████████████████████████| 310/310 [00:34<00:00,  8.97it/s]
✅ Epoch 35, Train Loss: 0.1809
✅ Epoch 35, Val Loss: 0.1908, Type Acc: 0.9819, Brand Acc: 0.9876, Device Acc: 0.9778
Epoch 36/40: 100%|█████████████████████████████████████████████████████████████████████████████████████████████████████████| 310/310 [00:34<00:00,  8.98it/s]
✅ Epoch 36, Train Loss: 0.1818
✅ Epoch 36, Val Loss: 0.1798, Type Acc: 0.9843, Brand Acc: 0.9903, Device Acc: 0.9680
Epoch 37/40: 100%|█████████████████████████████████████████████████████████████████████████████████████████████████████████| 310/310 [00:34<00:00,  8.96it/s]
✅ Epoch 37, Train Loss: 0.1681
✅ Epoch 37, Val Loss: 0.2475, Type Acc: 0.9735, Brand Acc: 0.9835, Device Acc: 0.9706
Epoch 38/40: 100%|█████████████████████████████████████████████████████████████████████████████████████████████████████████| 310/310 [00:34<00:00,  8.92it/s]
✅ Epoch 38, Train Loss: 0.1711
✅ Epoch 38, Val Loss: 0.2131, Type Acc: 0.9802, Brand Acc: 0.9892, Device Acc: 0.9641
Epoch 39/40: 100%|█████████████████████████████████████████████████████████████████████████████████████████████████████████| 310/310 [00:34<00:00,  8.95it/s]
✅ Epoch 39, Train Loss: 0.1714
✅ Epoch 39, Val Loss: 0.3762, Type Acc: 0.9759, Brand Acc: 0.9645, Device Acc: 0.9503
Epoch 40/40: 100%|█████████████████████████████████████████████████████████████████████████████████████████████████████████| 310/310 [00:34<00:00,  8.86it/s]
✅ Epoch 40, Train Loss: 0.1469
✅ Epoch 40, Val Loss: 0.1523, Type Acc: 0.9854, Brand Acc: 0.9899, Device Acc: 0.9801
✔️ 模型已保存至: /home/hyj/unknownDeviceIdentification/dataset/11_multitask_training/us/2_optimized_multitask_model.pt


(iot) hyj@csu424:~/unknownDeviceIdentification$ /home/hyj/.conda/envs/iot/bin/python /home/hyj/unknownDeviceIdentification/supervisedClassification/2_optimized_train_multitask_classifier.py
✅ 加载样本数: 18808
📚 标签类别数: type=12, brand=26, device=36
✅ 加载样本数: 42095
📚 标签类别数: type=12, brand=26, device=36
🚀 开始多任务训练...
Epoch 1/40: 100%|███████████████████████████████████████████████████████████████████████████████████████████████████████████████████████| 294/294 [00:35<00:00,  8.38it/s]
✅ Epoch 1, Train Loss: 1.8508
✅ Epoch 1, Val Loss: 0.8934, Type Acc: 0.8804, Brand Acc: 0.9169, Device Acc: 0.8390
Epoch 2/40: 100%|███████████████████████████████████████████████████████████████████████████████████████████████████████████████████████| 294/294 [00:34<00:00,  8.63it/s]
✅ Epoch 2, Train Loss: 0.8773
✅ Epoch 2, Val Loss: 0.6592, Type Acc: 0.9100, Brand Acc: 0.9500, Device Acc: 0.8617
Epoch 3/40: 100%|███████████████████████████████████████████████████████████████████████████████████████████████████████████████████████| 294/294 [00:33<00:00,  8.90it/s]
✅ Epoch 3, Train Loss: 0.7569
✅ Epoch 3, Val Loss: 0.7985, Type Acc: 0.9105, Brand Acc: 0.9182, Device Acc: 0.8664
Epoch 4/40: 100%|███████████████████████████████████████████████████████████████████████████████████████████████████████████████████████| 294/294 [00:32<00:00,  8.98it/s]
✅ Epoch 4, Train Loss: 0.6975
✅ Epoch 4, Val Loss: 0.7912, Type Acc: 0.9045, Brand Acc: 0.9474, Device Acc: 0.8746
Epoch 5/40: 100%|███████████████████████████████████████████████████████████████████████████████████████████████████████████████████████| 294/294 [00:32<00:00,  8.93it/s]
✅ Epoch 5, Train Loss: 0.6494
✅ Epoch 5, Val Loss: 0.5903, Type Acc: 0.9304, Brand Acc: 0.9478, Device Acc: 0.8955
Epoch 6/40: 100%|█████████████████████████████████████████████████████████████████████████████████████████████████████████████████████████████████| 294/294 [00:32<00:00,  8.95it/s]
✅ Epoch 6, Train Loss: 0.5749
✅ Epoch 6, Val Loss: 0.6133, Type Acc: 0.9243, Brand Acc: 0.9535, Device Acc: 0.8917
Epoch 7/40: 100%|█████████████████████████████████████████████████████████████████████████████████████████████████████████████████████████████████| 294/294 [00:32<00:00,  8.99it/s]
✅ Epoch 7, Train Loss: 0.5372
✅ Epoch 7, Val Loss: 0.5502, Type Acc: 0.9436, Brand Acc: 0.9447, Device Acc: 0.8928
Epoch 8/40: 100%|█████████████████████████████████████████████████████████████████████████████████████████████████████████████████████████████████| 294/294 [00:32<00:00,  9.00it/s]
✅ Epoch 8, Train Loss: 0.5655
✅ Epoch 8, Val Loss: 0.8248, Type Acc: 0.9313, Brand Acc: 0.9286, Device Acc: 0.8959
Epoch 9/40: 100%|█████████████████████████████████████████████████████████████████████████████████████████████████████████████████████████████████| 294/294 [00:32<00:00,  8.96it/s]
✅ Epoch 9, Train Loss: 0.5211
✅ Epoch 9, Val Loss: 0.7334, Type Acc: 0.9337, Brand Acc: 0.9372, Device Acc: 0.8799
Epoch 10/40: 100%|████████████████████████████████████████████████████████████████████████████████████████████████████████████████████████████████| 294/294 [00:32<00:00,  8.99it/s]
✅ Epoch 10, Train Loss: 0.4521
✅ Epoch 10, Val Loss: 0.5262, Type Acc: 0.9550, Brand Acc: 0.9460, Device Acc: 0.9129
Epoch 11/40: 100%|████████████████████████████████████████████████████████████████████████████████████████████████████████████████████████████████| 294/294 [00:32<00:00,  8.96it/s]
✅ Epoch 11, Train Loss: 0.4625
✅ Epoch 11, Val Loss: 0.4158, Type Acc: 0.9611, Brand Acc: 0.9592, Device Acc: 0.9297
Epoch 12/40: 100%|████████████████████████████████████████████████████████████████████████████████████████████████████████████████████████████████| 294/294 [00:32<00:00,  8.94it/s]
✅ Epoch 12, Train Loss: 0.4322
✅ Epoch 12, Val Loss: 0.4698, Type Acc: 0.9601, Brand Acc: 0.9616, Device Acc: 0.9217
Epoch 13/40: 100%|████████████████████████████████████████████████████████████████████████████████████████████████████████████████████████████████| 294/294 [00:32<00:00,  8.92it/s]
✅ Epoch 13, Train Loss: 0.4122
✅ Epoch 13, Val Loss: 0.5401, Type Acc: 0.9514, Brand Acc: 0.9336, Device Acc: 0.9143
Epoch 14/40: 100%|████████████████████████████████████████████████████████████████████████████████████████████████████████████████████████████████| 294/294 [00:33<00:00,  8.82it/s]
✅ Epoch 14, Train Loss: 0.4155
✅ Epoch 14, Val Loss: 0.4161, Type Acc: 0.9569, Brand Acc: 0.9597, Device Acc: 0.9258
Epoch 15/40: 100%|████████████████████████████████████████████████████████████████████████████████████████████████████████████████████████████████| 294/294 [00:33<00:00,  8.88it/s]
✅ Epoch 15, Train Loss: 0.3744
✅ Epoch 15, Val Loss: 0.3065, Type Acc: 0.9806, Brand Acc: 0.9661, Device Acc: 0.9465
Epoch 16/40: 100%|████████████████████████████████████████████████████████████████████████████████████████████████████████████████████████████████| 294/294 [00:33<00:00,  8.87it/s]
✅ Epoch 16, Train Loss: 0.3802
✅ Epoch 16, Val Loss: 0.4019, Type Acc: 0.9648, Brand Acc: 0.9661, Device Acc: 0.9287
Epoch 17/40: 100%|████████████████████████████████████████████████████████████████████████████████████████████████████████████████████████████████| 294/294 [00:32<00:00,  8.92it/s]
✅ Epoch 17, Train Loss: 0.3740
✅ Epoch 17, Val Loss: 0.3340, Type Acc: 0.9712, Brand Acc: 0.9654, Device Acc: 0.9381
Epoch 18/40: 100%|████████████████████████████████████████████████████████████████████████████████████████████████████████████████████████████████| 294/294 [00:33<00:00,  8.90it/s]
✅ Epoch 18, Train Loss: 0.3751
✅ Epoch 18, Val Loss: 0.4223, Type Acc: 0.9701, Brand Acc: 0.9605, Device Acc: 0.9286
Epoch 19/40: 100%|████████████████████████████████████████████████████████████████████████████████████████████████████████████████████████████████| 294/294 [00:32<00:00,  8.92it/s]
✅ Epoch 19, Train Loss: 0.3467
✅ Epoch 19, Val Loss: 0.4524, Type Acc: 0.9563, Brand Acc: 0.9557, Device Acc: 0.9253
Epoch 20/40: 100%|████████████████████████████████████████████████████████████████████████████████████████████████████████████████████████████████| 294/294 [00:32<00:00,  8.92it/s]
✅ Epoch 20, Train Loss: 0.3477
✅ Epoch 20, Val Loss: 0.3562, Type Acc: 0.9781, Brand Acc: 0.9582, Device Acc: 0.9374
Epoch 21/40: 100%|████████████████████████████████████████████████████████████████████████████████████████████████████████████████████████████████| 294/294 [00:33<00:00,  8.90it/s]
✅ Epoch 21, Train Loss: 0.3309
✅ Epoch 21, Val Loss: 0.3397, Type Acc: 0.9757, Brand Acc: 0.9636, Device Acc: 0.9413
Epoch 22/40: 100%|████████████████████████████████████████████████████████████████████████████████████████████████████████████████████████████████| 294/294 [00:33<00:00,  8.88it/s]
✅ Epoch 22, Train Loss: 0.3083
✅ Epoch 22, Val Loss: 0.3183, Type Acc: 0.9745, Brand Acc: 0.9637, Device Acc: 0.9459
Epoch 23/40: 100%|████████████████████████████████████████████████████████████████████████████████████████████████████████████████████████████████| 294/294 [00:33<00:00,  8.80it/s]
✅ Epoch 23, Train Loss: 0.2805
✅ Epoch 23, Val Loss: 0.4791, Type Acc: 0.9591, Brand Acc: 0.9563, Device Acc: 0.9308
Epoch 24/40: 100%|████████████████████████████████████████████████████████████████████████████████████████████████████████████████████████████████| 294/294 [00:33<00:00,  8.84it/s]
✅ Epoch 24, Train Loss: 0.3021
✅ Epoch 24, Val Loss: 0.4984, Type Acc: 0.9602, Brand Acc: 0.9668, Device Acc: 0.9272
Epoch 25/40: 100%|████████████████████████████████████████████████████████████████████████████████████████████████████████████████████████████████| 294/294 [00:33<00:00,  8.84it/s]
✅ Epoch 25, Train Loss: 0.3346
✅ Epoch 25, Val Loss: 0.3075, Type Acc: 0.9789, Brand Acc: 0.9701, Device Acc: 0.9513
Epoch 26/40: 100%|████████████████████████████████████████████████████████████████████████████████████████████████████████████████████████████████| 294/294 [00:33<00:00,  8.83it/s]
✅ Epoch 26, Train Loss: 0.2877
✅ Epoch 26, Val Loss: 0.3423, Type Acc: 0.9731, Brand Acc: 0.9621, Device Acc: 0.9362
Epoch 27/40: 100%|████████████████████████████████████████████████████████████████████████████████████████████████████████████████████████████████| 294/294 [00:33<00:00,  8.83it/s]
✅ Epoch 27, Train Loss: 0.2945
✅ Epoch 27, Val Loss: 0.3247, Type Acc: 0.9722, Brand Acc: 0.9729, Device Acc: 0.9400
Epoch 28/40: 100%|████████████████████████████████████████████████████████████████████████████████████████████████████████████████████████████████| 294/294 [00:33<00:00,  8.82it/s]
✅ Epoch 28, Train Loss: 0.2931
✅ Epoch 28, Val Loss: 0.4032, Type Acc: 0.9691, Brand Acc: 0.9523, Device Acc: 0.9260
Epoch 29/40: 100%|████████████████████████████████████████████████████████████████████████████████████████████████████████████████████████████████| 294/294 [00:33<00:00,  8.80it/s]
✅ Epoch 29, Train Loss: 0.3009
✅ Epoch 29, Val Loss: 0.3115, Type Acc: 0.9728, Brand Acc: 0.9715, Device Acc: 0.9475
Epoch 30/40: 100%|████████████████████████████████████████████████████████████████████████████████████████████████████████████████████████████████| 294/294 [00:33<00:00,  8.81it/s]
✅ Epoch 30, Train Loss: 0.2749
✅ Epoch 30, Val Loss: 0.3807, Type Acc: 0.9698, Brand Acc: 0.9613, Device Acc: 0.9329
Epoch 31/40: 100%|████████████████████████████████████████████████████████████████████████████████████████████████████████████████████████████████| 294/294 [00:33<00:00,  8.79it/s]
✅ Epoch 31, Train Loss: 0.2764
✅ Epoch 31, Val Loss: 0.3564, Type Acc: 0.9724, Brand Acc: 0.9705, Device Acc: 0.9453
Epoch 32/40: 100%|████████████████████████████████████████████████████████████████████████████████████████████████████████████████████████████████| 294/294 [00:32<00:00,  8.94it/s]
✅ Epoch 32, Train Loss: 0.2666
✅ Epoch 32, Val Loss: 0.2807, Type Acc: 0.9807, Brand Acc: 0.9777, Device Acc: 0.9528
Epoch 33/40: 100%|████████████████████████████████████████████████████████████████████████████████████████████████████████████████████████████████| 294/294 [00:33<00:00,  8.87it/s]
✅ Epoch 33, Train Loss: 0.2818
✅ Epoch 33, Val Loss: 0.3276, Type Acc: 0.9736, Brand Acc: 0.9666, Device Acc: 0.9437
Epoch 34/40: 100%|████████████████████████████████████████████████████████████████████████████████████████████████████████████████████████████████| 294/294 [00:32<00:00,  8.99it/s]
✅ Epoch 34, Train Loss: 0.2520
✅ Epoch 34, Val Loss: 0.3273, Type Acc: 0.9733, Brand Acc: 0.9565, Device Acc: 0.9363
Epoch 35/40: 100%|████████████████████████████████████████████████████████████████████████████████████████████████████████████████████████████████| 294/294 [00:32<00:00,  9.03it/s]
✅ Epoch 35, Train Loss: 0.2479
✅ Epoch 35, Val Loss: 0.4767, Type Acc: 0.9609, Brand Acc: 0.9578, Device Acc: 0.9256
Epoch 36/40: 100%|████████████████████████████████████████████████████████████████████████████████████████████████████████████████████████████████| 294/294 [00:33<00:00,  8.85it/s]
✅ Epoch 36, Train Loss: 0.2546
✅ Epoch 36, Val Loss: 0.3190, Type Acc: 0.9738, Brand Acc: 0.9703, Device Acc: 0.9502
Epoch 37/40: 100%|████████████████████████████████████████████████████████████████████████████████████████████████████████████████████████████████| 294/294 [00:33<00:00,  8.86it/s]
✅ Epoch 37, Train Loss: 0.2483
✅ Epoch 37, Val Loss: 0.3770, Type Acc: 0.9735, Brand Acc: 0.9685, Device Acc: 0.9495
Epoch 38/40: 100%|████████████████████████████████████████████████████████████████████████████████████████████████████████████████████████████████| 294/294 [00:33<00:00,  8.67it/s]
✅ Epoch 38, Train Loss: 0.2576
✅ Epoch 38, Val Loss: 0.5702, Type Acc: 0.9566, Brand Acc: 0.9536, Device Acc: 0.9346
Epoch 39/40: 100%|████████████████████████████████████████████████████████████████████████████████████████████████████████████████████████████████| 294/294 [00:33<00:00,  8.71it/s]
✅ Epoch 39, Train Loss: 0.2493
✅ Epoch 39, Val Loss: 0.4934, Type Acc: 0.9578, Brand Acc: 0.9523, Device Acc: 0.9269
Epoch 40/40: 100%|████████████████████████████████████████████████████████████████████████████████████████████████████████████████████████████████| 294/294 [00:33<00:00,  8.70it/s]
✅ Epoch 40, Train Loss: 0.2592
✅ Epoch 40, Val Loss: 0.4797, Type Acc: 0.9501, Brand Acc: 0.9480, Device Acc: 0.9223
✔️ 模型已保存至: /home/hyj/unknownDeviceIdentification/dataset/11_multitask_training/us/3_optimized_multitask_model.pt